[2025-10-10 10:38:19] [LOGIN] user เข้าสู่ระบบ (role: user)
[2025-10-10 10:38:39] [LOGIN] user เข้าสู่ระบบ (role: user)
[2025-10-10 10:42:23] [DELETE] โดย user -> เลขที่ส่ง: 3, ชั้นความลับ: 2, ลงวันที่: ๓๐ ก.ย. ๒๕๖๘, จาก: กรม ปพ.อย., ถึง: ผบ.อย., เรื่อง: ขอรับการสนับสนุน, ลงชื่อ: พ.อ.อ., ไฟล์: f16dd3fa-3ba7-4078-806b-9f91f47b7c47.pdf
[2025-10-10 11:07:54] [EDIT] โดย user แก้ไขไฟล์เลขที่ส่ง: 1 | เลขที่รับ: กห 222222 ➜ กห 1111111
[2025-10-10 11:08:02] [DELETE] โดย user -> เลขที่ส่ง: 1, ชั้นความลับ: 1, ลงวันที่: ๙ ต.ค. ๒๕๖๘, จาก: กรม ปพ.อย., ถึง: ผบ.อย., เรื่อง: ขอรับการสนับสนุน, ลงชื่อ: พ.อ.อ., ไฟล์: ff075300-f854-4ab8-8153-8f46222e22d4.pdf
[2025-10-10 11:08:06] [DELETE] โดย user -> เลขที่ส่ง: 2, ชั้นความลับ: 1, ลงวันที่: ๙ ต.ค. ๒๕๖๘, จาก: กรม ปพ.อย., ถึง: ผบ.อย., เรื่อง: ขอรับการสนับสนุน, ลงชื่อ: พ.อ.อ., ไฟล์: a710b1a1-d667-4dde-947e-fa8bc04dee91.pdf
[2025-10-10 11:17:47] [ADD] โดย user -> เลขที่ส่ง: 1, ชั้นความลับ: 1, ลงวันที่: ๒๗ ธ.ค. ๒๕๖๗, จาก: พัน.๓ กรม ปพ.อย., ถึง: ผบ.กรม ปพ.อย., เรื่อง: การพิจารณาย้ายนายทหารสัญญาบัตรเข้าดำรงค์ตำแหน่งอัตรา น.ต. - น.อ.พิเศษ วาระ เม.ย.๖๘, ลงชื่อ: พ.อ.อ., ไฟล์: 2f588274-a3ad-4ca3-a695-c5f9be5dd9fe.pdf
[2025-10-10 11:28:10] [ADD] โดย user -> เลขที่ส่ง: 1, ชั้นความลับ: 1, ลงวันที่: ๘ ม.ค. ๒๕๖๘, จาก: กรม ปพ.อย., ถึง: กกพ.บก.อย., เรื่อง: การพิจารณาย้ายนายทหารสัญญาบัตรเข้าดำรงค์ตำแหน่งอัตรา พ.อ.อ. - พ.อ.พ.พิเศษ วาระ เม.ย.๖๘, ลงชื่อ: พ.อ.อ., ไฟล์: 72e225c8-bc41-4e8b-a492-e70bdccd0d3e.pdf
[2025-10-10 13:58:04] [ADD] โดย user -> เลขที่ส่ง: 2, ชั้นความลับ: 2, ลงวันที่: ๑๐ ต.ค. ๒๕๖๘, จาก: พัน.๒ กรม ปพ.อย., ถึง: ผบ.กรม ปพ.อย., เรื่อง: ขอรับการสนับสนุนทหารกองประจำการ, ลงชื่อ: พ.อ.อ., ไฟล์: cfcd0f01-e586-41f4-8c7c-7669cb500612.pdf
[2025-10-10 14:29:42] [LOGIN] admin เข้าสู่ระบบ (role: admin)
[2025-10-10 14:31:41] [LOGIN] user เข้าสู่ระบบ (role: user)
[2025-10-10 14:52:20] [LOGIN] user เข้าสู่ระบบ (role: user)
[2025-10-10 14:54:31] [LOGIN] user เข้าสู่ระบบ (role: user)
[2025-10-10 15:09:19] [EDIT] โดย user แก้ไขไฟล์เลขที่ส่ง: 2 | เลขที่รับ: กห ๐๖๒๙.๗(๔)/๑ ➜ กห ๐๖๒๙.๗(๔)/5
[2025-10-10 15:10:22] [EDIT] โดย user แก้ไขไฟล์เลขที่ส่ง: 1 | เลขที่รับ: กห ๐๖๒๙.๗(๔)/๑ ➜ กห 0629.7(4)/1
[2025-10-10 15:10:28] [EDIT] โดย user แก้ไขไฟล์เลขที่ส่ง: 2 | เลขที่รับ: กห ๐๖๒๙.๗(๔)/5 ➜ กห 0629.7(4)/5
[2025-10-10 15:12:32] [EDIT] โดย user แก้ไขไฟล์เลขที่ส่ง: 1 | ลงวันที่: ๒๗ ธ.ค. ๒๕๖๗ ➜ 27 ธ.ค. 2567
[2025-10-10 15:12:37] [EDIT] โดย user แก้ไขไฟล์เลขที่ส่ง: 2 | ลงวันที่: ๑๐ ต.ค. ๒๕๖๘ ➜ 10 ต.ค. 2568
[2025-10-10 15:13:04] [EDIT] โดย user แก้ไขไฟล์เลขที่ส่ง: 1 | ลงวันที่: ๓ ม.ค. ๒๕๖๘ ➜ 3 ม.ค. 2568
[2025-10-10 15:13:05] [EDIT] โดย user แก้ไขไฟล์เลขที่ส่ง: 2 | ลงวันที่: ๑๐ ต.ค. ๒๕๖๘ ➜ 10 ต.ค. 2568
[2025-10-10 16:17:59] [EDIT] โดย user แก้ไขไฟล์เลขที่ส่ง: 1 | ไม่มีการเปลี่ยนแปลง
[2025-10-10 16:18:41] [EDIT] โดย user แก้ไขไฟล์เลขที่ส่ง: 1 | ลงวันที่: ๘ ม.ค. ๒๕๖๘ ➜ 8 ม.ค. 2568
[2025-10-10 16:29:54] [ADD] โดย user -> เลขที่ส่ง: 2, ชั้นความลับ: 1, ลงวันที่: 10 ต.ค. 2568, จาก: กรม ปพ.อย., ถึง: ผบ.อย., เรื่อง: ขอรับการสนับสนุนทหารกองประจำการ, ลงชื่อ: พ.อ.อ., ไฟล์: 2ae46f1e-adbf-4670-b7fe-5f8e96d8bac9.pdf
[2025-10-10 16:50:45] [ADD] โดย user -> เลขที่ส่ง: 3, ชั้นความลับ: 1, ลงวันที่: 10 ต.ค. 2568, จาก: กรม ปพ.อย., ถึง: ผบ.อย., เรื่อง: ขอรับการสนับสนุนทหารกองประจำการ, ลงชื่อ: พ.อ.อ., ไฟล์: cd40f1ee-5d23-47e7-9668-69fd4a822db9.pdf
[2025-10-10 16:51:19] [ADD] โดย user -> เลขที่ส่ง: 4, ชั้นความลับ: 2, ลงวันที่: 10 ต.ค. 2568, จาก: กรม ปพ.อย., ถึง: ผบ.อย., เรื่อง: การพิจารณาย้ายนายทหารสัญญาบัตรเข้าดำรงค์ตำแหน่งอัตรา น.ต. - น.อ.พิเศษ วาระ เม.ย.๖๘, ลงชื่อ: พ.อ.อ., ไฟล์: bc81e630-7297-4643-86f8-623ffeed2080.pdf
[2025-10-10 16:52:12] [ADD] โดย user -> เลขที่ส่ง: 5, ชั้นความลับ: 3, ลงวันที่: 10 ต.ค. 2568, จาก: กรม ปพ.อย., ถึง: กกพ.บก.อย., เรื่อง: การพิจารณาย้ายนายทหารสัญญาบัตรเข้าดำรงค์ตำแหน่งอัตรา พ.อ.อ. - พ.อ.พ.พิเศษ วาระ เม.ย.๖๘, ลงชื่อ: พ.อ.อ., ไฟล์: 223e7023-04dc-410a-b6ee-e088bb7d4050.pdf
[2025-10-10 16:56:40] [ADD] โดย user -> เลขที่ส่ง: 6, ชั้นความลับ: 2, ลงวันที่: 10 ต.ค. 2568, จาก: กรม ปพ.อย., ถึง: ผบ.อย., เรื่อง: ช่วย, ลงชื่อ: พ.อ.อ., ไฟล์: 0f4e8e6f-2279-40f7-8c09-67721c956314.pdf
[2025-10-10 16:56:57] [DELETE] โดย user -> เลขที่ส่ง: 6, ชั้นความลับ: 2, ลงวันที่: 10 ต.ค. 2568, จาก: กรม ปพ.อย., ถึง: ผบ.อย., เรื่อง: ช่วย, ลงชื่อ: พ.อ.อ., ไฟล์: 0f4e8e6f-2279-40f7-8c09-67721c956314.pdf
[2025-10-10 16:58:26] [ADD] โดย user -> เลขที่ส่ง: 6, ชั้นความลับ: 3, ลงวันที่: 10 ต.ค. 2568, จาก: กรม ปพ.อย., ถึง: ผบ.อย., เรื่อง: ขอรับการสนับสนุนทหารกองประจำการ, ลงชื่อ: ร.อ.อ., ไฟล์: e8c79b0f-2336-4fbc-ac51-d27e12a52fb9.pdf
[2025-10-10 16:58:40] [DELETE] โดย user -> เลขที่ส่ง: 6, ชั้นความลับ: 3, ลงวันที่: 10 ต.ค. 2568, จาก: กรม ปพ.อย., ถึง: ผบ.อย., เรื่อง: ขอรับการสนับสนุนทหารกองประจำการ, ลงชื่อ: ร.อ.อ., ไฟล์: e8c79b0f-2336-4fbc-ac51-d27e12a52fb9.pdf
[2025-10-10 16:59:42] [ADD] โดย user -> เลขที่ส่ง: 6, ชั้นความลับ: 2, ลงวันที่: 10 ต.ค. 2568, จาก: กรม ปพ.อย., ถึง: ผบ.อย., เรื่อง: ขอรับการสนับสนุนทหารกองประจำการ, ลงชื่อ: พ.อ.อ., ไฟล์: 82122622-35cc-4dd8-84bb-59faa442df72.pdf
[2025-10-10 17:00:14] [DELETE] โดย user -> เลขที่ส่ง: 6, ชั้นความลับ: 2, ลงวันที่: 10 ต.ค. 2568, จาก: กรม ปพ.อย., ถึง: ผบ.อย., เรื่อง: ขอรับการสนับสนุนทหารกองประจำการ, ลงชื่อ: พ.อ.อ., ไฟล์: 82122622-35cc-4dd8-84bb-59faa442df72.pdf
[2025-10-10 17:00:56] [ADD] โดย user -> เลขที่ส่ง: 6, ชั้นความลับ: 2, ลงวันที่: 10 ต.ค. 2568, จาก: กรม ปพ.อย., ถึง: ผบ.อย., เรื่อง: ขอรับการสนับสนุนทหารกองประจำการ, ลงชื่อ: พ.อ.อ., ไฟล์: 43fc7feb-8ef5-4b03-9a44-22ae52830390.pdf
[2025-10-10 17:03:20] [DELETE] โดย user -> เลขที่ส่ง: 6, ชั้นความลับ: 2, ลงวันที่: 10 ต.ค. 2568, จาก: กรม ปพ.อย., ถึง: ผบ.อย., เรื่อง: ขอรับการสนับสนุนทหารกองประจำการ, ลงชื่อ: พ.อ.อ., ไฟล์: 43fc7feb-8ef5-4b03-9a44-22ae52830390.pdf
[2025-10-10 17:05:32] [ADD] โดย user -> เลขที่ส่ง: 6, ชั้นความลับ: 2, ลงวันที่: 10 ต.ค. 2568, จาก: กรม ปพ.อย., ถึง: ผบ.อย., เรื่อง: ขอรับการสนับสนุนทหารกองประจำการ, ลงชื่อ: พ.อ.อ., ไฟล์: c076e9e8-3656-4591-bd51-3bd21d90a8d8.pdf
[2025-10-10 17:06:16] [DELETE] โดย user -> เลขที่ส่ง: 6, ชั้นความลับ: 2, ลงวันที่: 10 ต.ค. 2568, จาก: กรม ปพ.อย., ถึง: ผบ.อย., เรื่อง: ขอรับการสนับสนุนทหารกองประจำการ, ลงชื่อ: พ.อ.อ., ไฟล์: c076e9e8-3656-4591-bd51-3bd21d90a8d8.pdf
[2025-10-10 17:07:09] [ADD] โดย user -> เลขที่ส่ง: 6, ชั้นความลับ: 2, ลงวันที่: 10 ต.ค. 2568, จาก: กรม ปพ.อย., ถึง: ผบ.อย., เรื่อง: การพิจารณาย้ายนายทหารสัญญาบัตรเข้าดำรงค์ตำแหน่งอัตรา พ.อ.อ. - พ.อ.พ.พิเศษ วาระ เม.ย.๖๘, ลงชื่อ: พ.อ.อ., ไฟล์: 880f8008-c7e6-452c-b20c-d13bae9b614c.pdf
[2025-10-10 17:07:30] [DELETE] โดย user -> เลขที่ส่ง: 6, ชั้นความลับ: 2, ลงวันที่: 10 ต.ค. 2568, จาก: กรม ปพ.อย., ถึง: ผบ.อย., เรื่อง: การพิจารณาย้ายนายทหารสัญญาบัตรเข้าดำรงค์ตำแหน่งอัตรา พ.อ.อ. - พ.อ.พ.พิเศษ วาระ เม.ย.๖๘, ลงชื่อ: พ.อ.อ., ไฟล์: 880f8008-c7e6-452c-b20c-d13bae9b614c.pdf
[2025-10-10 17:07:41] [ADD] โดย user -> เลขที่ส่ง: 6, ชั้นความลับ: 2, ลงวันที่: 10 ต.ค. 2568, จาก: กรม ปพ.อย., ถึง: ผบ.อย., เรื่อง: ขอรับการสนับสนุนทหารกองประจำการ, ลงชื่อ: พ.อ.อ., ไฟล์: d5ebc90a-c37c-4875-b5d0-9a9c251fd095.pdf
[2025-10-10 17:08:11] [DELETE] โดย user -> เลขที่ส่ง: 6, ชั้นความลับ: 2, ลงวันที่: 10 ต.ค. 2568, จาก: กรม ปพ.อย., ถึง: ผบ.อย., เรื่อง: ขอรับการสนับสนุนทหารกองประจำการ, ลงชื่อ: พ.อ.อ., ไฟล์: d5ebc90a-c37c-4875-b5d0-9a9c251fd095.pdf
[2025-10-10 17:08:21] [ADD] โดย user -> เลขที่ส่ง: 6, ชั้นความลับ: 2, ลงวันที่: 10 ต.ค. 2568, จาก: กรม ปพ.อย., ถึง: ผบ.อย., เรื่อง: การพิจารณาย้ายนายทหารสัญญาบัตรเข้าดำรงค์ตำแหน่งอัตรา น.ต. - น.อ.พิเศษ วาระ เม.ย.๖๘, ลงชื่อ: พ.อ.อ., ไฟล์: 49e1a9d6-f912-489b-8085-11b82c384368.pdf
[2025-10-10 17:11:29] [DELETE] โดย user -> เลขที่ส่ง: 6, ชั้นความลับ: 2, ลงวันที่: 10 ต.ค. 2568, จาก: กรม ปพ.อย., ถึง: ผบ.อย., เรื่อง: การพิจารณาย้ายนายทหารสัญญาบัตรเข้าดำรงค์ตำแหน่งอัตรา น.ต. - น.อ.พิเศษ วาระ เม.ย.๖๘, ลงชื่อ: พ.อ.อ., ไฟล์: 49e1a9d6-f912-489b-8085-11b82c384368.pdf
[2025-10-10 17:11:44] [ADD] โดย user -> เลขที่ส่ง: 6, ชั้นความลับ: 2, ลงวันที่: 10 ต.ค. 2568, จาก: กรม ปพ.อย., ถึง: ผบ.อย., เรื่อง: ขอรับการสนับสนุนทหารกองประจำการ, ลงชื่อ: พ.อ.อ., ไฟล์: dbed24da-76cf-428c-bb78-59cd0c02fa63.pdf
[2025-10-10 17:13:34] [DELETE] โดย user -> เลขที่ส่ง: 6, ชั้นความลับ: 2, ลงวันที่: 10 ต.ค. 2568, จาก: กรม ปพ.อย., ถึง: ผบ.อย., เรื่อง: ขอรับการสนับสนุนทหารกองประจำการ, ลงชื่อ: พ.อ.อ., ไฟล์: dbed24da-76cf-428c-bb78-59cd0c02fa63.pdf
[2025-10-10 17:17:11] [ADD] โดย user -> เลขที่ส่ง: 6, ชั้นความลับ: 1, ลงวันที่: 10 ต.ค. 2568, จาก: กรม ปพ.อย., ถึง: ผบ.อย., เรื่อง: ขอรับการสนับสนุนทหารกองประจำการ, ลงชื่อ: พ.อ.อ., ไฟล์: 93abd894-d9f8-4945-b929-341411bfd1fd.pdf
[2025-10-10 17:17:21] [DELETE] โดย user -> เลขที่ส่ง: 6, ชั้นความลับ: 1, ลงวันที่: 10 ต.ค. 2568, จาก: กรม ปพ.อย., ถึง: ผบ.อย., เรื่อง: ขอรับการสนับสนุนทหารกองประจำการ, ลงชื่อ: พ.อ.อ., ไฟล์: 93abd894-d9f8-4945-b929-341411bfd1fd.pdf
[2025-10-10 17:17:49] [ADD] โดย user -> เลขที่ส่ง: 6, ชั้นความลับ: 2, ลงวันที่: 10 ต.ค. 2568, จาก: กรม ปพ.อย., ถึง: ผบ.อย., เรื่อง: ขอรับการสนับสนุนทหารกองประจำการ, ลงชื่อ: พ.อ.อ., ไฟล์: b123545a-6ffb-4c71-b918-c40bbde92846.pdf
[2025-10-10 17:18:01] [DELETE] โดย user -> เลขที่ส่ง: 6, ชั้นความลับ: 2, ลงวันที่: 10 ต.ค. 2568, จาก: กรม ปพ.อย., ถึง: ผบ.อย., เรื่อง: ขอรับการสนับสนุนทหารกองประจำการ, ลงชื่อ: พ.อ.อ., ไฟล์: b123545a-6ffb-4c71-b918-c40bbde92846.pdf
[2025-10-10 17:20:49] [ADD] โดย user -> เลขที่ส่ง: 6, ชั้นความลับ: 2, ลงวันที่: 10 ต.ค. 2568, จาก: กรม ปพ.อย., ถึง: ผบ.อย., เรื่อง: ขอรับการสนับสนุนทหารกองประจำการ, ลงชื่อ: พ.อ.อ., ไฟล์: caeb7ed7-63c5-4b9d-a2fd-6081948f6bb8.pdf
[2025-10-10 17:20:53] [DELETE] โดย user -> เลขที่ส่ง: 6, ชั้นความลับ: 2, ลงวันที่: 10 ต.ค. 2568, จาก: กรม ปพ.อย., ถึง: ผบ.อย., เรื่อง: ขอรับการสนับสนุนทหารกองประจำการ, ลงชื่อ: พ.อ.อ., ไฟล์: caeb7ed7-63c5-4b9d-a2fd-6081948f6bb8.pdf
[2025-10-10 17:22:11] [ADD] โดย user -> เลขที่ส่ง: 6, ชั้นความลับ: 2, ลงวันที่: 10 ต.ค. 2568, จาก: กรม ปพ.อย., ถึง: ผบ.อย., เรื่อง: ขอรับการสนับสนุนทหารกองประจำการ, ลงชื่อ: พ.อ.อ., ไฟล์: 50c62e6b-efe0-4bcc-a0c0-9f1398ff4b94.pdf
[2025-10-10 17:22:13] [DELETE] โดย user -> เลขที่ส่ง: 6, ชั้นความลับ: 2, ลงวันที่: 10 ต.ค. 2568, จาก: กรม ปพ.อย., ถึง: ผบ.อย., เรื่อง: ขอรับการสนับสนุนทหารกองประจำการ, ลงชื่อ: พ.อ.อ., ไฟล์: 50c62e6b-efe0-4bcc-a0c0-9f1398ff4b94.pdf
[2025-10-10 17:22:31] [ADD] โดย user -> เลขที่ส่ง: 6, ชั้นความลับ: 1, ลงวันที่: 10 ต.ค. 2568, จาก: กรม ปพ.อย., ถึง: ผบ.อย., เรื่อง: การพิจารณาย้ายนายทหารสัญญาบัตรเข้าดำรงค์ตำแหน่งอัตรา น.ต. - น.อ.พิเศษ วาระ เม.ย.๖๘, ลงชื่อ: พ.อ.อ., ไฟล์: 4fbf8775-b3f7-4832-97bc-a1d75362d86f.docx
[2025-10-10 17:22:43] [DELETE] โดย user -> เลขที่ส่ง: 6, ชั้นความลับ: 1, ลงวันที่: 10 ต.ค. 2568, จาก: กรม ปพ.อย., ถึง: ผบ.อย., เรื่อง: การพิจารณาย้ายนายทหารสัญญาบัตรเข้าดำรงค์ตำแหน่งอัตรา น.ต. - น.อ.พิเศษ วาระ เม.ย.๖๘, ลงชื่อ: พ.อ.อ., ไฟล์: 4fbf8775-b3f7-4832-97bc-a1d75362d86f.docx
[2025-10-10 17:27:55] [DELETE] โดย user -> เลขที่ส่ง: 5, ชั้นความลับ: 3, ลงวันที่: 10 ต.ค. 2568, จาก: กรม ปพ.อย., ถึง: กกพ.บก.อย., เรื่อง: การพิจารณาย้ายนายทหารสัญญาบัตรเข้าดำรงค์ตำแหน่งอัตรา พ.อ.อ. - พ.อ.พ.พิเศษ วาระ เม.ย.๖๘, ลงชื่อ: พ.อ.อ., ไฟล์: 223e7023-04dc-410a-b6ee-e088bb7d4050.pdf
[2025-10-10 17:28:04] [ADD] โดย user -> เลขที่ส่ง: 6, ชั้นความลับ: 2, ลงวันที่: 10 ต.ค. 2568, จาก: กรม ปพ.อย., ถึง: ผบ.อย., เรื่อง: ขอรับการสนับสนุนทหารกองประจำการ, ลงชื่อ: พ.อ.อ., ไฟล์: 8961647d-b121-4ba3-8181-131b6d7df615.pdf
[2025-10-10 17:29:14] [DELETE] โดย user -> เลขที่ส่ง: 6, ชั้นความลับ: 2, ลงวันที่: 10 ต.ค. 2568, จาก: กรม ปพ.อย., ถึง: ผบ.อย., เรื่อง: ขอรับการสนับสนุนทหารกองประจำการ, ลงชื่อ: พ.อ.อ., ไฟล์: 8961647d-b121-4ba3-8181-131b6d7df615.pdf
[2025-10-10 17:29:28] [ADD] โดย user -> เลขที่ส่ง: 6, ชั้นความลับ: 1, ลงวันที่: 10 ต.ค. 2568, จาก: กรม ปพ.อย., ถึง: ผบ.อย., เรื่อง: ขอรับการสนับสนุนทหารกองประจำการ, ลงชื่อ: พ.อ.อ., ไฟล์: 2b18ed51-1546-405c-bc66-5372a141c50e.pdf
[2025-10-10 17:29:36] [DELETE] โดย user -> เลขที่ส่ง: 6, ชั้นความลับ: 1, ลงวันที่: 10 ต.ค. 2568, จาก: กรม ปพ.อย., ถึง: ผบ.อย., เรื่อง: ขอรับการสนับสนุนทหารกองประจำการ, ลงชื่อ: พ.อ.อ., ไฟล์: 2b18ed51-1546-405c-bc66-5372a141c50e.pdf
[2025-10-10 17:32:45] [DELETE] โดย user -> เลขที่ส่ง: 4, ชั้นความลับ: 2, ลงวันที่: 10 ต.ค. 2568, จาก: กรม ปพ.อย., ถึง: ผบ.อย., เรื่อง: การพิจารณาย้ายนายทหารสัญญาบัตรเข้าดำรงค์ตำแหน่งอัตรา น.ต. - น.อ.พิเศษ วาระ เม.ย.๖๘, ลงชื่อ: พ.อ.อ., ไฟล์: bc81e630-7297-4643-86f8-623ffeed2080.pdf
[2025-10-10 17:33:59] [ADD] โดย user -> เลขที่ส่ง: 4, ชั้นความลับ: 1, ลงวันที่: 10 ต.ค. 2568, จาก: กรม ปพ.อย., ถึง: ผบ.อย., เรื่อง: ขอรับการสนับสนุนทหารกองประจำการ, ลงชื่อ: พ.อ.อ., ไฟล์: 7482c883-c458-467b-bba0-dbf4272e5649.pdf
[2025-10-10 17:34:02] [DELETE] โดย user -> เลขที่ส่ง: 4, ชั้นความลับ: 1, ลงวันที่: 10 ต.ค. 2568, จาก: กรม ปพ.อย., ถึง: ผบ.อย., เรื่อง: ขอรับการสนับสนุนทหารกองประจำการ, ลงชื่อ: พ.อ.อ., ไฟล์: 7482c883-c458-467b-bba0-dbf4272e5649.pdf
[2025-10-10 17:35:29] [ADD] โดย user -> เลขที่ส่ง: 6, ชั้นความลับ: 2, ลงวันที่: 10 ต.ค. 2568, จาก: กรม ปพ.อย., ถึง: ผบ.อย., เรื่อง: ขอรับการสนับสนุนทหารกองประจำการ, ลงชื่อ: พ.อ.อ., ไฟล์: ed025dce-0577-496c-ac1c-b80906b19aa6.pdf
[2025-10-10 17:35:59] [EDIT] โดย user แก้ไขไฟล์เลขที่ส่ง: 6 | ชั้นความลับ: 2 ➜ 1
[2025-10-10 17:36:50] [ADD] โดย user -> เลขที่ส่ง: 3, ชั้นความลับ: 1, ลงวันที่: 10 ต.ค. 2568, จาก: กรม ปพ.อย., ถึง: ผบ.อย., เรื่อง: ขอรับการสนับสนุนทหารกองประจำการ, ลงชื่อ: พ.อ.อ., ไฟล์: 59e00f86-6818-477c-b77f-e007d1521a95.pdf
[2025-10-10 17:37:14] [DELETE] โดย user -> เลขที่ส่ง: 3, ชั้นความลับ: 1, ลงวันที่: 10 ต.ค. 2568, จาก: กรม ปพ.อย., ถึง: ผบ.อย., เรื่อง: ขอรับการสนับสนุนทหารกองประจำการ, ลงชื่อ: พ.อ.อ., ไฟล์: 59e00f86-6818-477c-b77f-e007d1521a95.pdf
[2025-10-10 17:37:27] [ADD] โดย user -> เลขที่ส่ง: 3, ชั้นความลับ: 2, ลงวันที่: 10 ต.ค. 2568, จาก: กรม ปพ.อย., ถึง: ผบ.อย., เรื่อง: ขอรับการสนับสนุนทหารกองประจำการ, ลงชื่อ: พ.อ.อ., ไฟล์: 3ea4f458-3a19-428d-a7d9-2a21c0fe941b.pdf
[2025-10-10 19:00:56] [DELETE] โดย user -> เลขที่ส่ง: 6, ชั้นความลับ: 1, ลงวันที่: 10 ต.ค. 2568, จาก: กรม ปพ.อย., ถึง: ผบ.อย., เรื่อง: ขอรับการสนับสนุนทหารกองประจำการ, ลงชื่อ: พ.อ.อ., ไฟล์: ed025dce-0577-496c-ac1c-b80906b19aa6.pdf
[2025-10-10 19:02:03] [ADD] โดย user -> เลขที่ส่ง: 22, ชั้นความลับ: 1, ลงวันที่: 10 ต.ค. 2568, จาก: กรม ปพ.อย., ถึง: ผบ.อย., เรื่อง: ขอรับการสนับสนุนทหารกองประจำการ, ลงชื่อ: พ.อ.อ., ไฟล์: 3ddaf6ca-5df0-47ec-a162-b52fd913f550.pdf
[2025-10-10 19:02:06] [DELETE] โดย user -> เลขที่ส่ง: 22, ชั้นความลับ: 1, ลงวันที่: 10 ต.ค. 2568, จาก: กรม ปพ.อย., ถึง: ผบ.อย., เรื่อง: ขอรับการสนับสนุนทหารกองประจำการ, ลงชื่อ: พ.อ.อ., ไฟล์: 3ddaf6ca-5df0-47ec-a162-b52fd913f550.pdf
[2025-10-10 19:02:20] [ADD] โดย user -> เลขที่ส่ง: 25, ชั้นความลับ: 1, ลงวันที่: 10 ต.ค. 2568, จาก: กรม ปพ.อย., ถึง: ผบ.อย., เรื่อง: ขอรับการสนับสนุนทหารกองประจำการ, ลงชื่อ: พ.อ.อ., ไฟล์: 09755da8-66f7-4576-b52c-15d8c6526bd1.pdf
[2025-10-10 19:02:24] [DELETE] โดย user -> เลขที่ส่ง: 25, ชั้นความลับ: 1, ลงวันที่: 10 ต.ค. 2568, จาก: กรม ปพ.อย., ถึง: ผบ.อย., เรื่อง: ขอรับการสนับสนุนทหารกองประจำการ, ลงชื่อ: พ.อ.อ., ไฟล์: 09755da8-66f7-4576-b52c-15d8c6526bd1.pdf
[2025-10-10 19:02:35] [ADD] โดย user -> เลขที่ส่ง: 6, ชั้นความลับ: 2, ลงวันที่: 10 ต.ค. 2568, จาก: กรม ปพ.อย., ถึง: ผบ.อย., เรื่อง: ขอรับการสนับสนุนทหารกองประจำการ, ลงชื่อ: พ.อ.อ., ไฟล์: b5bf41c6-1f3c-4013-8eed-873448a1a353.pdf
[2025-10-10 19:10:00] [ADD] โดย user -> เลขที่ส่ง: 4, ชั้นความลับ: 1, ลงวันที่: 10 ต.ค. 2568, จาก: กรม ปพ.อย., ถึง: ผบ.อย., เรื่อง: ขอรับการสนับสนุนทหารกองประจำการ, ลงชื่อ: พ.อ.อ., ไฟล์: 49b78ee1-3dbc-487b-90a3-27f9a582e9cb.pdf
[2025-10-10 19:10:06] [DELETE] โดย user -> เลขที่ส่ง: 4, ชั้นความลับ: 1, ลงวันที่: 10 ต.ค. 2568, จาก: กรม ปพ.อย., ถึง: ผบ.อย., เรื่อง: ขอรับการสนับสนุนทหารกองประจำการ, ลงชื่อ: พ.อ.อ., ไฟล์: 49b78ee1-3dbc-487b-90a3-27f9a582e9cb.pdf
[2025-10-10 19:10:23] [ADD] โดย user -> เลขที่ส่ง: 4, ชั้นความลับ: 2, ลงวันที่: 10 ต.ค. 2568, จาก: กรม ปพ.อย., ถึง: ผบ.อย., เรื่อง: ขอรับการสนับสนุนทหารกองประจำการ, ลงชื่อ: พ.อ.อ., ไฟล์: eedb0b43-de0c-4753-b3e6-fd368522f198.pdf
