[2025-10-09 10:14:11] [LOGIN] admin เข้าสู่ระบบ (role: admin)
[2025-10-09 10:32:01] [LOGIN] user เข้าสู่ระบบ (role: user)
[2025-10-09 10:32:09] [LOGIN] admin เข้าสู่ระบบ (role: admin)
[2025-10-09 11:23:04] [ADD USER] เพิ่มผู้ใช้ใหม่: test (role: user)
[2025-10-09 11:23:51] [ADD USER] เพิ่มผู้ใช้ใหม่: aleef (role: user)
[2025-10-09 11:50:24] [DELETE USER] ลบผู้ใช้: aleef
[2025-10-09 12:31:25] [ADD] โดย admin -> เลขที่ส่ง: 5, ชั้นความลับ: 3, ลงวันที่: 2568-10-09, จาก: กรม ปพ.อย., ถึง: ผบ.อย., เรื่อง: wwwwww, ลงชื่อ: พ.อ.อ., ไฟล์: 3a87f1a3-d569-46c7-85a9-e9159d69f0c1.pdf
[2025-10-09 12:32:50] [EDIT] โดย admin แก้ไขไฟล์เลขที่ส่ง: 2 | ลงวันที่: ๑๖ ต.ค. ๒๕๖๘ ➜ ๑๕ ต.ค. ๒๕๖๘
[2025-10-09 12:32:55] [EDIT] โดย admin แก้ไขไฟล์เลขที่ส่ง: 2 | ลงวันที่: ๑๕ ต.ค. ๒๕๖๘ ➜ ๑๐ ต.ค. ๒๕๖๘
[2025-10-09 12:33:14] [ADD] โดย admin -> เลขที่ส่ง: 7, ชั้นความลับ: 3, ลงวันที่: ๙ ต.ค. ๒๕๖๘, จาก: กรม ปพ.อย., ถึง: ผบ.อย., เรื่อง: ขอรับการสนับสนุน, ลงชื่อ: พ.อ.อ., ไฟล์: 1a419cb8-cd4f-47d4-95f9-c89a5532b806.pdf
[2025-10-09 12:35:14] [DELETE] โดย admin -> เลขที่ส่ง: 5, ชั้นความลับ: 3, ลงวันที่: 2568-10-09, จาก: กรม ปพ.อย., ถึง: ผบ.อย., เรื่อง: wwwwww, ลงชื่อ: พ.อ.อ., ไฟล์: 3a87f1a3-d569-46c7-85a9-e9159d69f0c1.pdf
[2025-10-09 12:35:15] [DELETE] โดย admin -> เลขที่ส่ง: 7, ชั้นความลับ: 3, ลงวันที่: ๙ ต.ค. ๒๕๖๘, จาก: กรม ปพ.อย., ถึง: ผบ.อย., เรื่อง: ขอรับการสนับสนุน, ลงชื่อ: พ.อ.อ., ไฟล์: 1a419cb8-cd4f-47d4-95f9-c89a5532b806.pdf
[2025-10-09 12:35:51] [ADD] โดย admin -> เลขที่ส่ง: 5, ชั้นความลับ: 1, ลงวันที่: ๙ ต.ค. ๓๑๑๑, จาก: กรม ปพ.อย., ถึง: ผบ.อย., เรื่อง: ขอรับการสนับสนุนทหารกองประจำการ, ลงชื่อ: พ.อ.อ., ไฟล์: 07cab87b-8101-4643-a26b-4d39f588185a.pdf
[2025-10-09 12:37:02] [DELETE] โดย admin -> เลขที่ส่ง: 5, ชั้นความลับ: 1, ลงวันที่: ๙ ต.ค. ๓๑๑๑, จาก: กรม ปพ.อย., ถึง: ผบ.อย., เรื่อง: ขอรับการสนับสนุนทหารกองประจำการ, ลงชื่อ: พ.อ.อ., ไฟล์: 07cab87b-8101-4643-a26b-4d39f588185a.pdf
[2025-10-09 12:37:31] [ADD] โดย admin -> เลขที่ส่ง: 5, ชั้นความลับ: 2, ลงวันที่: ๙ ต.ค. ๒๕๖๘, จาก: กรม ปพ.อย., ถึง: ผบ.อย., เรื่อง: ขอรับการสนับสนุน, ลงชื่อ: พ.อ.อ., ไฟล์: 837be059-e797-4629-89ac-0eac04e66e4d.pdf
[2025-10-09 12:40:23] [ADD] โดย admin -> เลขที่ส่ง: 6, ชั้นความลับ: 3, ลงวันที่: ๙ ต.ค. ๒๕๖๘, จาก: กรม ปพ.อย., ถึง: ผบ.อย., เรื่อง: asdw, ลงชื่อ: พ.อ.อ., ไฟล์: 7bc2c754-53ca-4314-9c96-dc6d2d42c7d1.pdf
[2025-10-09 13:00:13] [ADD] โดย admin -> เลขที่ส่ง: 100, ชั้นความลับ: 2, ลงวันที่: ๙ ต.ค. ๒๕๖๘, จาก: กรม ปพ.อย., ถึง: ผบ.อย., เรื่อง: ขอรับการสนับสนุน, ลงชื่อ: พ.อ.อ., ไฟล์: 149c9f02-5c30-498e-b1bd-0047256e1362.pdf
[2025-10-09 13:00:56] [DELETE] โดย admin -> เลขที่ส่ง: 100, ชั้นความลับ: 2, ลงวันที่: ๙ ต.ค. ๒๕๖๘, จาก: กรม ปพ.อย., ถึง: ผบ.อย., เรื่อง: ขอรับการสนับสนุน, ลงชื่อ: พ.อ.อ., ไฟล์: 149c9f02-5c30-498e-b1bd-0047256e1362.pdf
[2025-10-09 13:01:37] [ADD] โดย admin -> เลขที่ส่ง: 100, ชั้นความลับ: 2, ลงวันที่: ๙ ต.ค. ๒๕๖๘, จาก: กรม ปพ.อย., ถึง: ผบ.อย., เรื่อง: ขอรับการสนับสนุน, ลงชื่อ: พ.อ.อ., ไฟล์: c2ff7c05-d765-4270-9983-c9f5cf4bd962.pdf
[2025-10-09 13:02:16] [ADD] โดย admin -> เลขที่ส่ง: 123, ชั้นความลับ: 1, ลงวันที่: ๙ ต.ค. ๒๕๖๘, จาก: กรม ปพ.อย., ถึง: ผบ.อย., เรื่อง: ขอรับการสนับสนุน, ลงชื่อ: พ.อ.อ., ไฟล์: c45350ce-ab54-4a6c-aa36-c2ba8f4c3810.pdf
[2025-10-09 13:16:30] [ADD USER] เพิ่มผู้ใช้ใหม่: asdasd (role: user)
[2025-10-09 13:17:05] [ADD USER] เพิ่มผู้ใช้ใหม่: aaa (role: user)
[2025-10-09 13:17:13] [DELETE USER] ลบผู้ใช้: aaa
[2025-10-09 13:17:14] [DELETE USER] ลบผู้ใช้: asdasd
[2025-10-09 13:17:43] [ADD USER] เพิ่มผู้ใช้ใหม่: asd (role: user)
[2025-10-09 15:49:40] [EDIT USER] แก้ไขผู้ใช้: asds (role: user)
[2025-10-09 15:49:45] [DELETE USER] ลบผู้ใช้: asds
[2025-10-09 15:49:46] [DELETE USER] ลบผู้ใช้: test
[2025-10-09 15:57:23] [LOGIN] admin เข้าสู่ระบบ (role: admin)
[2025-10-09 15:57:57] [ADD USER] เพิ่มผู้ใช้ใหม่: user (role: user)
[2025-10-09 15:59:24] [LOGIN] user เข้าสู่ระบบ (role: user)
[2025-10-09 16:17:20] [ADD] โดย user -> เลขที่ส่ง: 2, ชั้นความลับ: 1, ลงวันที่: ๙ ต.ค. ๒๕๖๘, จาก: กรม ปพ.อย., ถึง: ผบ.อย., เรื่อง: ขอรับการสนับสนุน, ลงชื่อ: พ.อ.อ., ไฟล์: f933a43e-ba25-4f02-a58a-7391aebd1dac.pdf
[2025-10-09 16:29:36] [ADD] โดย user -> เลขที่ส่ง: 3, ชั้นความลับ: 2, ลงวันที่: ๙ ต.ค. ๒๕๖๘, จาก: กรม ปพ.อย., ถึง: ผบ.อย., เรื่อง: ขอรับการสนับสนุนทหารกองประจำการ, ลงชื่อ: พ.อ.อ., ไฟล์: ebe64883-2c3f-4ebd-84a8-168746c6c770.pdf
[2025-10-09 17:21:38] [LOGIN] admin เข้าสู่ระบบ (role: admin)
[2025-10-09 17:31:11] [ADD] โดย admin -> เลขที่ส่ง: 2, ชั้นความลับ: 1, ลงวันที่: ๙ ต.ค. ๒๕๖๘, จาก: กรม ปพ.อย., ถึง: ผบ.อย., เรื่อง: ขอรับการสนับสนุน, ลงชื่อ: พ.อ.อ., ไฟล์: a710b1a1-d667-4dde-947e-fa8bc04dee91.pdf
[2025-10-09 18:15:47] [ADD] โดย admin -> เลขที่ส่ง: 1, ชั้นความลับ: 1, ลงวันที่: ๙ ต.ค. ๒๕๖๘, จาก: กรม ปพ.อย., ถึง: ผบ.อย., เรื่อง: ขอรับการสนับสนุน, ลงชื่อ: พ.อ.อ., ไฟล์: ff075300-f854-4ab8-8153-8f46222e22d4.pdf
[2025-10-09 18:49:03] [ADD] โดย admin -> เลขที่ส่ง: 3, ชั้นความลับ: 2, ลงวันที่: ๓๐ ก.ย. ๒๕๖๘, จาก: กรม ปพ.อย., ถึง: ผบ.อย., เรื่อง: ขอรับการสนับสนุน, ลงชื่อ: พ.อ.อ., ไฟล์: f16dd3fa-3ba7-4078-806b-9f91f47b7c47.pdf
[2025-10-09 19:50:52] [ADD] โดย admin -> เลขที่ส่ง: 3, ชั้นความลับ: 1, ลงวันที่: ๙ ต.ค. ๒๕๖๘, จาก: กรม ปพ.อย., ถึง: ผบ.อย., เรื่อง: ขอรับการสนับสนุน, ลงชื่อ: พ.อ.อ., ไฟล์: 2e5ed671-2085-4fed-97fe-3e4cad5297ee.pdf
[2025-10-09 19:50:57] [DELETE] โดย admin -> เลขที่ส่ง: 3, ชั้นความลับ: 1, ลงวันที่: ๙ ต.ค. ๒๕๖๘, จาก: กรม ปพ.อย., ถึง: ผบ.อย., เรื่อง: ขอรับการสนับสนุน, ลงชื่อ: พ.อ.อ., ไฟล์: 2e5ed671-2085-4fed-97fe-3e4cad5297ee.pdf
[2025-10-09 19:58:50] [ADD] โดย admin -> เลขที่ส่ง: 3, ชั้นความลับ: 2, ลงวันที่: ๙ ต.ค. ๒๕๖๘, จาก: กรม ปพ.อย., ถึง: ผบ.อย., เรื่อง: ขอรับการสนับสนุน, ลงชื่อ: พ.อ.อ., ไฟล์: c812d812-cf6e-4e6f-b891-48764abb0cfd.pdf
[2025-10-09 19:58:54] [DELETE] โดย admin -> เลขที่ส่ง: 3, ชั้นความลับ: 2, ลงวันที่: ๙ ต.ค. ๒๕๖๘, จาก: กรม ปพ.อย., ถึง: ผบ.อย., เรื่อง: ขอรับการสนับสนุน, ลงชื่อ: พ.อ.อ., ไฟล์: c812d812-cf6e-4e6f-b891-48764abb0cfd.pdf
[2025-10-09 20:02:44] [ADD] โดย admin -> เลขที่ส่ง: 3, ชั้นความลับ: 2, ลงวันที่: ๙ ต.ค. ๒๕๖๘, จาก: กรม ปพ.อย., ถึง: ผบ.อย., เรื่อง: ขอรับการสนับสนุน, ลงชื่อ: พ.อ.อ., ไฟล์: 1d8b0a59-7656-44a9-844e-d74f1cec4282.pdf
[2025-10-09 20:02:48] [DELETE] โดย admin -> เลขที่ส่ง: 3, ชั้นความลับ: 2, ลงวันที่: ๙ ต.ค. ๒๕๖๘, จาก: กรม ปพ.อย., ถึง: ผบ.อย., เรื่อง: ขอรับการสนับสนุน, ลงชื่อ: พ.อ.อ., ไฟล์: 1d8b0a59-7656-44a9-844e-d74f1cec4282.pdf
[2025-10-09 20:05:17] [DELETE] โดย admin -> เลขที่ส่ง: 1, ชั้นความลับ: 1, ลงวันที่: ๒๑ ม.ค. ๒๕๖๘, จาก: บก.อย., ถึง: กรม ปพ.อย., เรื่อง: ทดสอบ, ลงชื่อ: พ.อ.อ., ไฟล์: 
