[2025-10-11 07:29:28] [LOGIN] user เข้าสู่ระบบ (role: user)
[2025-10-11 07:30:14] [LOGIN] user เข้าสู่ระบบ (role: user)
[2025-10-11 07:30:26] [LOGIN] user เข้าสู่ระบบ (role: user)
[2025-10-11 07:42:33] [ADD] โดย user -> เลขที่ส่ง: 5, ชั้นความลับ: 2, ลงวันที่: 11 ต.ค. 2568, จาก: กรม ปพ.อย., ถึง: ผบ.อย., เรื่อง: การพิจารณาย้ายนายทหารสัญญาบัตรเข้าดำรงค์ตำแหน่งอัตรา น.ต. - น.อ.พิเศษ วาระ เม.ย.๖๘, ลงชื่อ: ร.อ.อ., ไฟล์: 52aa367f-ccc6-420e-8f1c-2d404cbcbbfe.pdf
[2025-10-11 07:44:04] [ADD] โดย user -> เลขที่ส่ง: 6, ชั้นความลับ: 3, ลงวันที่: 11 ต.ค. 2568, จาก: กรม ปพ.อย., ถึง: ผบ.อย., เรื่อง: ขอรับการสนับสนุนทหารกองประจำการ, ลงชื่อ: พ.อ.อ., ไฟล์: e1b639b5-9201-4151-9cf5-ac4302ffb061.pdf
[2025-10-11 07:47:20] [DELETE] โดย user -> เลขที่ส่ง: 6, ชั้นความลับ: 3, ลงวันที่: 11 ต.ค. 2568, จาก: กรม ปพ.อย., ถึง: ผบ.อย., เรื่อง: ขอรับการสนับสนุนทหารกองประจำการ, ลงชื่อ: พ.อ.อ., ไฟล์: e1b639b5-9201-4151-9cf5-ac4302ffb061.pdf
[2025-10-11 07:47:33] [ADD] โดย user -> เลขที่ส่ง: 6, ชั้นความลับ: 2, ลงวันที่: 11 ต.ค. 2568, จาก: กรม ปพ.อย., ถึง: ผบ.อย., เรื่อง: ขอรับการสนับสนุนทหารกองประจำการ, ลงชื่อ: พ.อ.อ., ไฟล์: b7791e60-9f2b-47b3-8b9e-20820452f9d7.pdf
[2025-10-11 07:48:31] [ADD] โดย user -> เลขที่ส่ง: 7, ชั้นความลับ: 3, ลงวันที่: 11 ต.ค. 2568, จาก: กรม ปพ.อย., ถึง: ผบ.อย., เรื่อง: ขอรับการสนับสนุนทหารกองประจำการ, ลงชื่อ: พ.อ.อ., ไฟล์: a20b2326-0101-4f98-89ff-2285ac5be0f5.pdf
[2025-10-11 07:57:06] [ADD] โดย user -> เลขที่ส่ง: 9, ชั้นความลับ: 3, ลงวันที่: 11 ต.ค. 2568, จาก: กรม ปพ.อย., ถึง: ผบ.อย., เรื่อง: ขอรับการสนับสนุนทหารกองประจำการ, ลงชื่อ: พ.อ.อ., ไฟล์: 
[2025-10-11 08:04:44] [ADD] โดย user -> เลขที่ส่ง: 7, ชั้นความลับ: 2, ลงวันที่: 11 ต.ค. 2568, จาก: กรม ปพ.อย., ถึง: ผบ.อย., เรื่อง: การพิจารณาย้ายนายทหารสัญญาบัตรเข้าดำรงค์ตำแหน่งอัตรา พ.อ.อ. - พ.อ.พ.พิเศษ วาระ เม.ย.๖๘, ลงชื่อ: พ.อ.อ., ไฟล์: 
[2025-10-11 08:04:52] [EDIT] โดย user แก้ไขไฟล์เลขที่ส่ง: 7 | ไม่มีการเปลี่ยนแปลง
[2025-10-11 08:05:05] [EDIT] โดย user แก้ไขไฟล์เลขที่ส่ง: 7 | ไม่มีการเปลี่ยนแปลง
[2025-10-11 08:05:15] [EDIT] โดย user แก้ไขไฟล์เลขที่ส่ง: 8 | ไม่มีการเปลี่ยนแปลง
[2025-10-11 08:06:50] [EDIT] โดย user แก้ไขไฟล์เลขที่ส่ง: 8 | ไม่มีการเปลี่ยนแปลง
[2025-10-11 08:06:55] [EDIT] โดย user แก้ไขไฟล์เลขที่ส่ง: 8 | ไม่มีการเปลี่ยนแปลง
[2025-10-11 08:09:29] [EDIT] โดย user แก้ไขไฟล์เลขที่ส่ง: 8 | ไม่มีการเปลี่ยนแปลง
[2025-10-11 08:09:34] [EDIT] โดย user แก้ไขไฟล์เลขที่ส่ง: 8 | ไฟล์:  ➜ fa478fc8-a30e-43b5-b4eb-1349f0782314.pdf
[2025-10-11 08:09:44] [EDIT] โดย user แก้ไขไฟล์เลขที่ส่ง: 8 | ไม่มีการเปลี่ยนแปลง
[2025-10-11 08:10:21] [EDIT] โดย user แก้ไขไฟล์เลขที่ส่ง: 7 | ไม่มีการเปลี่ยนแปลง
[2025-10-11 08:10:24] [EDIT] โดย user แก้ไขไฟล์เลขที่ส่ง: 7 | ไม่มีการเปลี่ยนแปลง
[2025-10-11 08:10:29] [EDIT] โดย user แก้ไขไฟล์เลขที่ส่ง: 7 | ไฟล์:  ➜ 3ad9bad2-0f40-4602-894f-1cc3935cac6c.pdf
[2025-10-11 08:10:48] [DELETE] โดย user -> เลขที่ส่ง: 9, ชั้นความลับ: 3, ลงวันที่: 11 ต.ค. 2568, จาก: กรม ปพ.อย., ถึง: ผบ.อย., เรื่อง: ขอรับการสนับสนุนทหารกองประจำการ, ลงชื่อ: พ.อ.อ., ไฟล์: 
[2025-10-11 08:11:33] [DELETE] โดย user -> เลขที่ส่ง: 1, ชั้นความลับ: 1, ลงวันที่: 27 ธ.ค. 2567, จาก: พัน.๓ กรม ปพ.อย., ถึง: ผบ.กรม ปพ.อย., เรื่อง: การพิจารณาย้ายนายทหารสัญญาบัตรเข้าดำรงค์ตำแหน่งอัตรา น.ต. - น.อ.พิเศษ วาระ เม.ย.๖๘, ลงชื่อ: พ.อ.อ., ไฟล์: 2f588274-a3ad-4ca3-a695-c5f9be5dd9fe.pdf
[2025-10-11 08:11:35] [DELETE] โดย user -> เลขที่ส่ง: 2, ชั้นความลับ: 2, ลงวันที่: 10 ต.ค. 2568, จาก: พัน.๒ กรม ปพ.อย., ถึง: ผบ.กรม ปพ.อย., เรื่อง: ขอรับการสนับสนุนทหารกองประจำการ, ลงชื่อ: พ.อ.อ., ไฟล์: cfcd0f01-e586-41f4-8c7c-7669cb500612.pdf
[2025-10-11 08:11:39] [DELETE] โดย user -> เลขที่ส่ง: 3, ชั้นความลับ: 2, ลงวันที่: 10 ต.ค. 2568, จาก: กรม ปพ.อย., ถึง: ผบ.อย., เรื่อง: ขอรับการสนับสนุนทหารกองประจำการ, ลงชื่อ: พ.อ.อ., ไฟล์: 3ea4f458-3a19-428d-a7d9-2a21c0fe941b.pdf
[2025-10-11 08:11:41] [DELETE] โดย user -> เลขที่ส่ง: 4, ชั้นความลับ: 2, ลงวันที่: 10 ต.ค. 2568, จาก: กรม ปพ.อย., ถึง: ผบ.อย., เรื่อง: ขอรับการสนับสนุนทหารกองประจำการ, ลงชื่อ: พ.อ.อ., ไฟล์: eedb0b43-de0c-4753-b3e6-fd368522f198.pdf
[2025-10-11 08:11:44] [DELETE] โดย user -> เลขที่ส่ง: 5, ชั้นความลับ: 2, ลงวันที่: 11 ต.ค. 2568, จาก: กรม ปพ.อย., ถึง: ผบ.อย., เรื่อง: การพิจารณาย้ายนายทหารสัญญาบัตรเข้าดำรงค์ตำแหน่งอัตรา น.ต. - น.อ.พิเศษ วาระ เม.ย.๖๘, ลงชื่อ: ร.อ.อ., ไฟล์: 52aa367f-ccc6-420e-8f1c-2d404cbcbbfe.pdf
[2025-10-11 08:11:46] [DELETE] โดย user -> เลขที่ส่ง: 6, ชั้นความลับ: 2, ลงวันที่: 11 ต.ค. 2568, จาก: กรม ปพ.อย., ถึง: ผบ.อย., เรื่อง: ขอรับการสนับสนุนทหารกองประจำการ, ลงชื่อ: พ.อ.อ., ไฟล์: b7791e60-9f2b-47b3-8b9e-20820452f9d7.pdf
[2025-10-11 08:11:48] [DELETE] โดย user -> เลขที่ส่ง: 7, ชั้นความลับ: 3, ลงวันที่: 11 ต.ค. 2568, จาก: กรม ปพ.อย., ถึง: ผบ.อย., เรื่อง: ขอรับการสนับสนุนทหารกองประจำการ, ลงชื่อ: พ.อ.อ., ไฟล์: a20b2326-0101-4f98-89ff-2285ac5be0f5.pdf
[2025-10-11 08:11:50] [DELETE] โดย user -> เลขที่ส่ง: 8, ชั้นความลับ: 3, ลงวันที่: 11 ต.ค. 2568, จาก: ฟ, ถึง: ฟ, เรื่อง: ฟ, ลงชื่อ: ฟ, ไฟล์: fa478fc8-a30e-43b5-b4eb-1349f0782314.pdf
[2025-10-11 08:11:53] [DELETE] โดย user -> เลขที่ส่ง: 1, ชั้นความลับ: 1, ลงวันที่: 8 ม.ค. 2568, จาก: กรม ปพ.อย., ถึง: กกพ.บก.อย., เรื่อง: การพิจารณาย้ายนายทหารสัญญาบัตรเข้าดำรงค์ตำแหน่งอัตรา พ.อ.อ. - พ.อ.พ.พิเศษ วาระ เม.ย.๖๘, ลงชื่อ: พ.อ.อ., ไฟล์: 72e225c8-bc41-4e8b-a492-e70bdccd0d3e.pdf
[2025-10-11 08:11:55] [DELETE] โดย user -> เลขที่ส่ง: 2, ชั้นความลับ: 1, ลงวันที่: 10 ต.ค. 2568, จาก: กรม ปพ.อย., ถึง: ผบ.อย., เรื่อง: ขอรับการสนับสนุนทหารกองประจำการ, ลงชื่อ: พ.อ.อ., ไฟล์: 2ae46f1e-adbf-4670-b7fe-5f8e96d8bac9.pdf
[2025-10-11 08:11:58] [DELETE] โดย user -> เลขที่ส่ง: 3, ชั้นความลับ: 1, ลงวันที่: 10 ต.ค. 2568, จาก: กรม ปพ.อย., ถึง: ผบ.อย., เรื่อง: ขอรับการสนับสนุนทหารกองประจำการ, ลงชื่อ: พ.อ.อ., ไฟล์: cd40f1ee-5d23-47e7-9668-69fd4a822db9.pdf
[2025-10-11 08:12:01] [DELETE] โดย user -> เลขที่ส่ง: 6, ชั้นความลับ: 2, ลงวันที่: 10 ต.ค. 2568, จาก: กรม ปพ.อย., ถึง: ผบ.อย., เรื่อง: ขอรับการสนับสนุนทหารกองประจำการ, ลงชื่อ: พ.อ.อ., ไฟล์: b5bf41c6-1f3c-4013-8eed-873448a1a353.pdf
[2025-10-11 08:12:05] [DELETE] โดย user -> เลขที่ส่ง: 7, ชั้นความลับ: 2, ลงวันที่: 11 ต.ค. 2568, จาก: กรม ปพ.อย., ถึง: ผบ.อย., เรื่อง: การพิจารณาย้ายนายทหารสัญญาบัตรเข้าดำรงค์ตำแหน่งอัตรา พ.อ.อ. - พ.อ.พ.พิเศษ วาระ เม.ย.๖๘, ลงชื่อ: พ.อ.อ., ไฟล์: 3ad9bad2-0f40-4602-894f-1cc3935cac6c.pdf
[2025-10-11 08:12:36] [ADD] โดย user -> เลขที่ส่ง: 2, ชั้นความลับ: 2, ลงวันที่: 11 ต.ค. 2568, จาก: กรม ปพ.อย., ถึง: ผบ.อย., เรื่อง: ขอรับการสนับสนุนทหารกองประจำการ, ลงชื่อ: พ.อ.อ., ไฟล์: a60afeb8-87e8-48fe-8d3f-8f0027c69d3c.pdf
[2025-10-11 08:12:46] [DELETE] โดย user -> เลขที่ส่ง: 2, ชั้นความลับ: 2, ลงวันที่: 11 ต.ค. 2568, จาก: กรม ปพ.อย., ถึง: ผบ.อย., เรื่อง: ขอรับการสนับสนุนทหารกองประจำการ, ลงชื่อ: พ.อ.อ., ไฟล์: a60afeb8-87e8-48fe-8d3f-8f0027c69d3c.pdf
[2025-10-11 08:13:23] [ADD] โดย user -> เลขที่ส่ง: 1, ชั้นความลับ: 2, ลงวันที่: 11 ต.ค. 2568, จาก: กรม ปพ.อย., ถึง: ผบ.อย., เรื่อง: ขอรับการสนับสนุนทหารกองประจำการ, ลงชื่อ: พ.อ.อ., ไฟล์: 6d902f5e-beee-4501-8d86-5e7a690f9d9d.pdf
[2025-10-11 08:13:28] [DELETE] โดย user -> เลขที่ส่ง: 1, ชั้นความลับ: 2, ลงวันที่: 11 ต.ค. 2568, จาก: กรม ปพ.อย., ถึง: ผบ.อย., เรื่อง: ขอรับการสนับสนุนทหารกองประจำการ, ลงชื่อ: พ.อ.อ., ไฟล์: 6d902f5e-beee-4501-8d86-5e7a690f9d9d.pdf
[2025-10-11 08:15:49] [ADD] โดย user -> เลขที่ส่ง: 1, ชั้นความลับ: 1, ลงวันที่: 11 ต.ค. 2568, จาก: กรม ปพ.อย., ถึง: ผบ.อย., เรื่อง: ขอรับการสนับสนุนทหารกองประจำการ, ลงชื่อ: พ.อ.อ., ไฟล์: cbfa2279-2db7-4335-8579-d26ec277a9f7.pdf
[2025-10-11 08:16:40] [ADD] โดย user -> เลขที่ส่ง: 2, ชั้นความลับ: 2, ลงวันที่: 11 ต.ค. 2568, จาก: กรม ปพ.อย., ถึง: ผบ.อย., เรื่อง: ขอรับการสนับสนุนทหารกองประจำการ, ลงชื่อ: พ.อ.อ., ไฟล์: dd4e8771-2fd2-41c4-a91b-b09dc74a48ec.pdf
[2025-10-11 08:16:53] [ADD] โดย user -> เลขที่ส่ง: 3, ชั้นความลับ: 3, ลงวันที่: 11 ต.ค. 2568, จาก: กรม ปพ.อย., ถึง: ผบ.กรม ปพ.อย., เรื่อง: การพิจารณาย้ายนายทหารสัญญาบัตรเข้าดำรงค์ตำแหน่งอัตรา น.ต. - น.อ.พิเศษ วาระ เม.ย.๖๘, ลงชื่อ: พ.อ.อ., ไฟล์: 461df07a-8da1-426c-bf26-8b8fbe3d9bdb.pdf
[2025-10-11 08:17:04] [DELETE] โดย user -> เลขที่ส่ง: 3, ชั้นความลับ: 3, ลงวันที่: 11 ต.ค. 2568, จาก: กรม ปพ.อย., ถึง: ผบ.กรม ปพ.อย., เรื่อง: การพิจารณาย้ายนายทหารสัญญาบัตรเข้าดำรงค์ตำแหน่งอัตรา น.ต. - น.อ.พิเศษ วาระ เม.ย.๖๘, ลงชื่อ: พ.อ.อ., ไฟล์: 461df07a-8da1-426c-bf26-8b8fbe3d9bdb.pdf
[2025-10-11 08:17:06] [DELETE] โดย user -> เลขที่ส่ง: 2, ชั้นความลับ: 2, ลงวันที่: 11 ต.ค. 2568, จาก: กรม ปพ.อย., ถึง: ผบ.อย., เรื่อง: ขอรับการสนับสนุนทหารกองประจำการ, ลงชื่อ: พ.อ.อ., ไฟล์: dd4e8771-2fd2-41c4-a91b-b09dc74a48ec.pdf
[2025-10-11 08:17:19] [DELETE] โดย user -> เลขที่ส่ง: 1, ชั้นความลับ: 1, ลงวันที่: 11 ต.ค. 2568, จาก: กรม ปพ.อย., ถึง: ผบ.อย., เรื่อง: ขอรับการสนับสนุนทหารกองประจำการ, ลงชื่อ: พ.อ.อ., ไฟล์: cbfa2279-2db7-4335-8579-d26ec277a9f7.pdf
[2025-10-11 09:58:15] [LOGIN] user เข้าสู่ระบบ (role: user)
[2025-10-11 10:08:15] [LOGIN] admin เข้าสู่ระบบ (role: admin)
[2025-10-11 10:17:54] [LOGIN] user เข้าสู่ระบบ (role: user)
[2025-10-11 10:31:12] [LOGIN] user เข้าสู่ระบบ (role: user)
[2025-10-11 10:32:32] [LOGIN] admin เข้าสู่ระบบ (role: admin)
[2025-10-11 10:33:16] [LOGIN] admin เข้าสู่ระบบ (role: admin)
[2025-10-11 13:59:22] [LOGIN] user เข้าสู่ระบบ (role: user)
[2025-10-11 13:59:55] [ADD] โดย user -> เลขที่ส่ง: 2, ชั้นความลับ: 2, ลงวันที่: 11 ต.ค. 2568, จาก: กรม ปพ.อย., ถึง: ผบ.อย., เรื่อง: ขอรับการสนับสนุนทหารกองประจำการ, ลงชื่อ: พ.อ.อ., ไฟล์: 5c234f8f-576b-40b7-b105-dc2072fbfdb0.pdf
[2025-10-11 14:00:26] [LOGIN] user เข้าสู่ระบบ (role: user)
[2025-10-11 14:01:17] [LOGIN] user เข้าสู่ระบบ (role: user)
[2025-10-11 14:02:41] [LOGIN] user เข้าสู่ระบบ (role: user)
[2025-10-11 14:04:27] [ADD] โดย user -> เลขที่ส่ง: 1, ชั้นความลับ: 1, ลงวันที่: 11 ต.ค. 2568, จาก: กรม ปพ.อย., ถึง: ผบ.อย., เรื่อง: ขอรับการสนับสนุนทหารกองประจำการ, ลงชื่อ: พ.อ.อ., ไฟล์: 14e6c42a-3205-451a-81a1-5c53407b9671.pdf
[2025-10-11 14:05:19] [ADD] โดย user -> เลขที่ส่ง: 5, ชั้นความลับ: 2, ลงวันที่: 11 ต.ค. 2568, จาก: กรม ปพ.อย., ถึง: ผบ.อย., เรื่อง: ขอรับการสนับสนุนทหารกองประจำการ, ลงชื่อ: พ.อ.อ., ไฟล์: 2cd9b586-fee7-432f-a778-0ec89b57631c.pdf
[2025-10-11 14:09:45] [LOGIN] user เข้าสู่ระบบ (role: user)
[2025-10-11 14:10:04] [ADD] โดย user -> เลขที่ส่ง: 2, ชั้นความลับ: 2, ลงวันที่: 11 ต.ค. 2568, จาก: กรม ปพ.อย., ถึง: ผบ.อย., เรื่อง: ขอรับการสนับสนุนทหารกองประจำการ, ลงชื่อ: พ.อ.อ., ไฟล์: 87b99f4d-a08b-48e0-89ba-4f0a46add189.pdf
[2025-10-11 14:11:50] [LOGIN] user เข้าสู่ระบบ (role: user)
[2025-10-11 14:12:07] [ADD] โดย user -> เลขที่ส่ง: 3, ชั้นความลับ: 3, ลงวันที่: 11 ต.ค. 2568, จาก: กรม ปพ.อย., ถึง: ผบ.อย., เรื่อง: ขอรับการสนับสนุนทหารกองประจำการ, ลงชื่อ: พ.อ.อ., ไฟล์: 12b9967b-00ba-4715-bb7b-4106d667cfc5.pdf
[2025-10-11 14:12:38] [ADD] โดย user -> เลขที่ส่ง: 6, ชั้นความลับ: 2, ลงวันที่: 11 ต.ค. 2568, จาก: กรม ปพ.อย., ถึง: ผบ.อย., เรื่อง: ขอรับการสนับสนุนทหารกองประจำการ, ลงชื่อ: พ.อ.อ., ไฟล์: 9423db7a-5dd6-436a-84f2-35e64aaa7538.pdf
[2025-10-11 14:14:42] [LOGIN] user เข้าสู่ระบบ (role: user)
[2025-10-11 14:15:15] [ADD] โดย user -> เลขที่ส่ง: 4, ชั้นความลับ: 2, ลงวันที่: 11 ต.ค. 2568, จาก: กรม ปพ.อย., ถึง: ผบ.อย., เรื่อง: การพิจารณาย้ายนายทหารสัญญาบัตรเข้าดำรงค์ตำแหน่งอัตรา น.ต. - น.อ.พิเศษ วาระ เม.ย.๖๘, ลงชื่อ: พ.อ.อ., ไฟล์: 37273b3b-0f95-4729-a23a-6f318cdaab0c.pdf
[2025-10-11 14:16:10] [LOGIN] user เข้าสู่ระบบ (role: user)
[2025-10-11 14:16:37] [ADD] โดย user -> เลขที่ส่ง: 6, ชั้นความลับ: 3, ลงวันที่: 11 ต.ค. 2568, จาก: กรม ปพ.อย., ถึง: ยก.อย., เรื่อง: ขอรับการสนับสนุน, ลงชื่อ: พ.อ.อ., ไฟล์: bacbfe9f-cb08-4692-bf8e-1578482dccb5.pdf
[2025-10-11 14:17:16] [DELETE] โดย user -> เลขที่ส่ง: 6, ชั้นความลับ: 2, ลงวันที่: 11 ต.ค. 2568, จาก: กรม ปพ.อย., ถึง: ผบ.อย., เรื่อง: ขอรับการสนับสนุนทหารกองประจำการ, ลงชื่อ: พ.อ.อ., ไฟล์: 9423db7a-5dd6-436a-84f2-35e64aaa7538.pdf
[2025-10-11 14:17:55] [DELETE] โดย user -> เลขที่ส่ง: 6, ชั้นความลับ: 3, ลงวันที่: 11 ต.ค. 2568, จาก: กรม ปพ.อย., ถึง: ยก.อย., เรื่อง: ขอรับการสนับสนุน, ลงชื่อ: พ.อ.อ., ไฟล์: bacbfe9f-cb08-4692-bf8e-1578482dccb5.pdf
[2025-10-11 14:18:02] [ADD] โดย user -> เลขที่ส่ง: 6, ชั้นความลับ: 2, ลงวันที่: 11 ต.ค. 2568, จาก: กรม ปพ.อย., ถึง: ยก.อย., เรื่อง: ขอรับการสนับสนุน, ลงชื่อ: พ.อ.อ., ไฟล์: 
[2025-10-11 14:18:06] [DELETE] โดย user -> เลขที่ส่ง: 5, ชั้นความลับ: 2, ลงวันที่: 11 ต.ค. 2568, จาก: กรม ปพ.อย., ถึง: ผบ.อย., เรื่อง: ขอรับการสนับสนุนทหารกองประจำการ, ลงชื่อ: พ.อ.อ., ไฟล์: 2cd9b586-fee7-432f-a778-0ec89b57631c.pdf
[2025-10-11 14:18:22] [DELETE] โดย user -> เลขที่ส่ง: 2, ชั้นความลับ: 2, ลงวันที่: 11 ต.ค. 2568, จาก: กรม ปพ.อย., ถึง: ผบ.อย., เรื่อง: ขอรับการสนับสนุนทหารกองประจำการ, ลงชื่อ: พ.อ.อ., ไฟล์: 5c234f8f-576b-40b7-b105-dc2072fbfdb0.pdf
[2025-10-11 14:18:37] [ADD] โดย user -> เลขที่ส่ง: 3, ชั้นความลับ: 2, ลงวันที่: 11 ต.ค. 2568, จาก: กรม ปพ.อย., ถึง: ยก.อย., เรื่อง: ขอรับการสนับสนุน, ลงชื่อ: พ.อ.อ., ไฟล์: 22f3e89d-1c95-45d5-bc75-75f676f3d1cf.pdf
[2025-10-11 14:18:41] [DELETE] โดย user -> เลขที่ส่ง: 3, ชั้นความลับ: 2, ลงวันที่: 11 ต.ค. 2568, จาก: กรม ปพ.อย., ถึง: ยก.อย., เรื่อง: ขอรับการสนับสนุน, ลงชื่อ: พ.อ.อ., ไฟล์: 22f3e89d-1c95-45d5-bc75-75f676f3d1cf.pdf
[2025-10-11 14:18:48] [ADD] โดย user -> เลขที่ส่ง: 3, ชั้นความลับ: 2, ลงวันที่: 11 ต.ค. 2568, จาก: กรม ปพ.อย., ถึง: ยก.อย., เรื่อง: ขอรับการสนับสนุน, ลงชื่อ: พ.อ.อ., ไฟล์: 
[2025-10-11 14:37:42] [LOGIN] user เข้าสู่ระบบ (role: user)
[2025-10-11 14:37:47] [DELETE] โดย user -> เลขที่ส่ง: 6, ชั้นความลับ: 2, ลงวันที่: 11 ต.ค. 2568, จาก: กรม ปพ.อย., ถึง: ยก.อย., เรื่อง: ขอรับการสนับสนุน, ลงชื่อ: พ.อ.อ., ไฟล์: 
[2025-10-11 14:38:01] [ADD] โดย user -> เลขที่ส่ง: 6, ชั้นความลับ: 2, ลงวันที่: 11 ต.ค. 2568, จาก: กรม ปพ.อย., ถึง: ผบ.อย., เรื่อง: ขอรับการสนับสนุนทหารกองประจำการ, ลงชื่อ: พ.อ.อ., ไฟล์: 646bb1aa-1eb0-41ca-b344-bed9f69d936d.pdf
[2025-10-11 14:38:12] [ADD] โดย user -> เลขที่ส่ง: 2, ชั้นความลับ: 2, ลงวันที่: 11 ต.ค. 2568, จาก: กรม ปพ.อย., ถึง: ผบ.อย., เรื่อง: ขอรับการสนับสนุนทหารกองประจำการ, ลงชื่อ: พ.อ.อ., ไฟล์: b2b8923c-dc6e-4cd5-aae9-cb77655e755b.pdf
[2025-10-11 14:40:37] [ADD] โดย user -> เลขที่ส่ง: 5, ชั้นความลับ: 2, ลงวันที่: 11 ต.ค. 2568, จาก: กรม ปพ.อย., ถึง: ผบ.อย., เรื่อง: ขอรับการสนับสนุนทหารกองประจำการ, ลงชื่อ: พ.อ.อ., ไฟล์: 0250d567-f635-4707-a073-0d7f2a42cbcd.pdf
[2025-10-11 14:40:41] [DELETE] โดย user -> เลขที่ส่ง: 6, ชั้นความลับ: 2, ลงวันที่: 11 ต.ค. 2568, จาก: กรม ปพ.อย., ถึง: ผบ.อย., เรื่อง: ขอรับการสนับสนุนทหารกองประจำการ, ลงชื่อ: พ.อ.อ., ไฟล์: 646bb1aa-1eb0-41ca-b344-bed9f69d936d.pdf
[2025-10-11 14:40:54] [ADD] โดย user -> เลขที่ส่ง: 6, ชั้นความลับ: 3, ลงวันที่: 11 ต.ค. 2568, จาก: กรม ปพ.อย., ถึง: ผบ.อย., เรื่อง: ขอรับการสนับสนุนทหารกองประจำการ, ลงชื่อ: พ.อ.อ., ไฟล์: fb7835ef-0e55-45ed-9d1f-4b857d8166b9.pdf
[2025-10-11 16:06:16] [LOGIN] admin เข้าสู่ระบบ (role: admin)
[2025-10-11 16:23:44] [ADD USER] เพิ่มผู้ใช้ใหม่: aleef (role: user)
[2025-10-11 16:24:02] [EDIT USER] แก้ไขผู้ใช้: aleef (role: user)
[2025-10-11 16:24:09] [LOGIN] aleef เข้าสู่ระบบ (role: user)
[2025-10-11 16:24:38] [LOGIN] admin เข้าสู่ระบบ (role: admin)
[2025-10-11 16:24:49] [LOGIN] aleef เข้าสู่ระบบ (role: user)
[2025-10-11 16:27:09] [LOGIN] aleef เข้าสู่ระบบ (role: user)
[2025-10-11 16:27:15] [LOGIN] admin เข้าสู่ระบบ (role: admin)
[2025-10-11 16:27:23] [LOGIN] aleef เข้าสู่ระบบ (role: user)
[2025-10-11 16:28:04] [LOGIN] admin เข้าสู่ระบบ (role: admin)
[2025-10-11 16:28:26] [LOGIN] aleef เข้าสู่ระบบ (role: user)
