[2025-10-06 15:26:30] [LOGIN] admin เข้าสู่ระบบ (role: admin)
[2025-10-06 15:35:32] [LOGIN] admin เข้าสู่ระบบ (role: admin)
[2025-10-06 15:56:49] [ADD] โดย admin -> เลขที่ส่ง: 2, ชั้นความลับ: 1, ลงวันที่: 2025-09-01, จาก: a, ถึง: d, เรื่อง: d, ลงชื่อ: d, ไฟล์: 91ab0c6f-f404-4837-bb30-54bebc58b105.pdf
[2025-10-06 16:07:39] [ADD] โดย admin -> เลขที่ส่ง: 100, ชั้นความลับ: 2, ลงวันที่: 2025-10-08, จาก: d, ถึง: d, เรื่อง: adw, ลงชื่อ: aaa, ไฟล์: d0cf1824-dee7-4f47-9030-06ea495ea55f.pdf
[2025-10-06 16:10:34] [ADD] โดย admin -> เลขที่ส่ง: 123, ชั้นความลับ: 1, ลงวันที่: 2025-10-13, จาก: a, ถึง: d, เรื่อง: adw, ลงชื่อ: aaa, ไฟล์: 60f17e39-2bec-4a76-a8e2-06fe191e1a9a.pdf
[2025-10-06 16:20:44] [ADD] โดย admin -> เลขที่ส่ง: 22, ชั้นความลับ: 1, ลงวันที่: 2025-10-16, จาก: a, ถึง: d, เรื่อง: asdw, ลงชื่อ: aaa, ไฟล์: 1327c096-b01b-433a-8291-fa4463e7fc48.pdf
[2025-10-06 16:21:19] [ADD] โดย admin -> เลขที่ส่ง: 25, ชั้นความลับ: 2, ลงวันที่: 2025-10-30, จาก: aaa, ถึง: d, เรื่อง: ขอรับการสนับสนุน, ลงชื่อ: พ.อ.อ., ไฟล์: 087141f7-4708-43b0-9b45-f6e6cf716d18.pdf
[2025-10-06 16:23:57] [ADD] โดย admin -> เลขที่ส่ง: 123, ชั้นความลับ: 3, ลงวันที่: 2568-10-08, จาก: aaa, ถึง: d, เรื่อง: adw, ลงชื่อ: aaa, ไฟล์: 83b48e47-806b-43b8-a4d0-778203890f3e.pdf
[2025-10-06 16:27:09] [ADD] โดย admin -> เลขที่ส่ง: 222, ชั้นความลับ: 2, ลงวันที่: 2025-10-24, จาก: aaa, ถึง: d, เรื่อง: asdw, ลงชื่อ: พ.อ.อ., ไฟล์: f0b46a27-f6d2-43ae-9eed-af8a28a8fe8c.pdf
[2025-10-06 16:30:42] [ADD] โดย admin -> เลขที่ส่ง: 1235, ชั้นความลับ: 2, ลงวันที่: 2025-10-01, จาก: aaa, ถึง: d, เรื่อง: ขอรับการสนับสนุน, ลงชื่อ: พ.อ.อ., ไฟล์: 55e50c44-3bd9-4572-884d-7001033157f0.pdf
[2025-10-06 16:34:00] [ADD] โดย admin -> เลขที่ส่ง: 15987, ชั้นความลับ: 2, ลงวันที่: 2025-10-15, จาก: aaa, ถึง: d, เรื่อง: asdw, ลงชื่อ: aaa, ไฟล์: 29f74caf-6a30-4bec-a1de-9545703ad3d8.pdf
[2025-10-06 16:34:04] [DELETE] โดย admin -> เลขที่ส่ง: 15987, ชั้นความลับ: 2, ลงวันที่: 2025-10-15, จาก: aaa, ถึง: d, เรื่อง: asdw, ลงชื่อ: aaa, ไฟล์: 29f74caf-6a30-4bec-a1de-9545703ad3d8.pdf
[2025-10-06 16:34:06] [DELETE] โดย admin -> เลขที่ส่ง: 2, ชั้นความลับ: 1, ลงวันที่: 2025-09-01, จาก: a, ถึง: d, เรื่อง: d, ลงชื่อ: d, ไฟล์: 91ab0c6f-f404-4837-bb30-54bebc58b105.pdf
[2025-10-06 16:34:07] [DELETE] โดย admin -> เลขที่ส่ง: 22, ชั้นความลับ: 1, ลงวันที่: 2025-10-16, จาก: a, ถึง: d, เรื่อง: asdw, ลงชื่อ: aaa, ไฟล์: 1327c096-b01b-433a-8291-fa4463e7fc48.pdf
[2025-10-06 16:34:09] [DELETE] โดย admin -> เลขที่ส่ง: 25, ชั้นความลับ: 2, ลงวันที่: 2025-10-30, จาก: aaa, ถึง: d, เรื่อง: ขอรับการสนับสนุน, ลงชื่อ: พ.อ.อ., ไฟล์: 087141f7-4708-43b0-9b45-f6e6cf716d18.pdf
[2025-10-06 16:34:10] [DELETE] โดย admin -> เลขที่ส่ง: 100, ชั้นความลับ: 2, ลงวันที่: 2025-10-08, จาก: d, ถึง: d, เรื่อง: adw, ลงชื่อ: aaa, ไฟล์: d0cf1824-dee7-4f47-9030-06ea495ea55f.pdf
[2025-10-06 16:34:11] [DELETE] โดย admin -> เลขที่ส่ง: 123, ชั้นความลับ: 1, ลงวันที่: 2025-10-13, จาก: a, ถึง: d, เรื่อง: adw, ลงชื่อ: aaa, ไฟล์: 60f17e39-2bec-4a76-a8e2-06fe191e1a9a.pdf
[2025-10-06 16:34:13] [DELETE] โดย admin -> เลขที่ส่ง: 123, ชั้นความลับ: 3, ลงวันที่: 2568-10-08, จาก: aaa, ถึง: d, เรื่อง: adw, ลงชื่อ: aaa, ไฟล์: 83b48e47-806b-43b8-a4d0-778203890f3e.pdf
[2025-10-06 16:34:14] [DELETE] โดย admin -> เลขที่ส่ง: 222, ชั้นความลับ: 2, ลงวันที่: 2025-10-24, จาก: aaa, ถึง: d, เรื่อง: asdw, ลงชื่อ: พ.อ.อ., ไฟล์: f0b46a27-f6d2-43ae-9eed-af8a28a8fe8c.pdf
[2025-10-06 16:34:16] [DELETE] โดย admin -> เลขที่ส่ง: 1235, ชั้นความลับ: 2, ลงวันที่: 2025-10-01, จาก: aaa, ถึง: d, เรื่อง: ขอรับการสนับสนุน, ลงชื่อ: พ.อ.อ., ไฟล์: 55e50c44-3bd9-4572-884d-7001033157f0.pdf
[2025-10-06 16:37:26] [ADD] โดย admin -> เลขที่ส่ง: 100, ชั้นความลับ: 2, ลงวันที่: 2025-10-08, จาก: a, ถึง: d, เรื่อง: ขอรับการสนับสนุน, ลงชื่อ: พ.อ.อ., ไฟล์: 2151c2e8-61bf-4f82-8534-b1879da54258.pdf
[2025-10-06 16:38:35] [DELETE] โดย admin -> เลขที่ส่ง: 100, ชั้นความลับ: 2, ลงวันที่: 2025-10-08, จาก: a, ถึง: d, เรื่อง: ขอรับการสนับสนุน, ลงชื่อ: พ.อ.อ., ไฟล์: 2151c2e8-61bf-4f82-8534-b1879da54258.pdf
[2025-10-06 16:39:31] [ADD] โดย admin -> เลขที่ส่ง: 2, ชั้นความลับ: 1, ลงวันที่: 2025-09-30, จาก: กรม ปพ.อย., ถึง: ผบ.อย., เรื่อง: ขอรับการสนับสนุน, ลงชื่อ: พ.อ.อ., ไฟล์: 08237e4e-c32c-4623-9cb7-c2def8f7d81c.pdf
[2025-10-06 16:39:55] [ADD] โดย admin -> เลขที่ส่ง: 3, ชั้นความลับ: 2, ลงวันที่: 2025-03-05, จาก: กรม ปพ.อย., ถึง: ผบ.อย., เรื่อง: ขอรับการสนับสนุน, ลงชื่อ: พ.อ.อ., ไฟล์: 86c45dec-1c45-45ce-bce5-f7c37719de1d.pdf
[2025-10-06 16:46:06] [ADD] โดย admin -> เลขที่ส่ง: 5, ชั้นความลับ: 3, ลงวันที่: 2025-10-08, จาก: กรม ปพ.อย., ถึง: ยก.อย., เรื่อง: ช่วย, ลงชื่อ: ร.อ.อ., ไฟล์: c9d66483-93ae-4eee-9399-b0fed0498a05.pdf
[2025-10-06 16:51:46] [ADD] โดย admin -> เลขที่ส่ง: 23, ชั้นความลับ: 2, ลงวันที่: 2025-09-16, จาก: กรม ปพ.อย., ถึง: ยก.อย., เรื่อง: ขอรับการสนับสนุน, ลงชื่อ: พ.อ.อ., ไฟล์: 38a17536-77fd-4f4f-82e6-0c2a5bbe24a4.pdf
[2025-10-06 16:52:44] [ADD] โดย admin -> เลขที่ส่ง: 100, ชั้นความลับ: 3, ลงวันที่: 2025-09-16, จาก: กรม ปพ.อย., ถึง: ยก.อย., เรื่อง: ขอรับการสนับสนุน, ลงชื่อ: พ.อ.อ., ไฟล์: 21c6ba5e-e88c-409e-b8d9-347e989fd08a.pdf
[2025-10-06 16:56:02] [DELETE] โดย admin -> เลขที่ส่ง: 2, ชั้นความลับ: 1, ลงวันที่: 2025-09-30, จาก: กรม ปพ.อย., ถึง: ผบ.อย., เรื่อง: ขอรับการสนับสนุน, ลงชื่อ: พ.อ.อ., ไฟล์: 08237e4e-c32c-4623-9cb7-c2def8f7d81c.pdf
[2025-10-06 16:56:03] [DELETE] โดย admin -> เลขที่ส่ง: 3, ชั้นความลับ: 2, ลงวันที่: 2025-03-05, จาก: กรม ปพ.อย., ถึง: ผบ.อย., เรื่อง: ขอรับการสนับสนุน, ลงชื่อ: พ.อ.อ., ไฟล์: 86c45dec-1c45-45ce-bce5-f7c37719de1d.pdf
[2025-10-06 16:56:05] [DELETE] โดย admin -> เลขที่ส่ง: 5, ชั้นความลับ: 3, ลงวันที่: 2025-10-08, จาก: กรม ปพ.อย., ถึง: ยก.อย., เรื่อง: ช่วย, ลงชื่อ: ร.อ.อ., ไฟล์: c9d66483-93ae-4eee-9399-b0fed0498a05.pdf
[2025-10-06 16:56:06] [DELETE] โดย admin -> เลขที่ส่ง: 23, ชั้นความลับ: 2, ลงวันที่: 2025-09-16, จาก: กรม ปพ.อย., ถึง: ยก.อย., เรื่อง: ขอรับการสนับสนุน, ลงชื่อ: พ.อ.อ., ไฟล์: 38a17536-77fd-4f4f-82e6-0c2a5bbe24a4.pdf
[2025-10-06 16:56:09] [DELETE] โดย admin -> เลขที่ส่ง: 100, ชั้นความลับ: 3, ลงวันที่: 2025-09-16, จาก: กรม ปพ.อย., ถึง: ยก.อย., เรื่อง: ขอรับการสนับสนุน, ลงชื่อ: พ.อ.อ., ไฟล์: 21c6ba5e-e88c-409e-b8d9-347e989fd08a.pdf
[2025-10-06 16:56:54] [ADD] โดย admin -> เลขที่ส่ง: 2, ชั้นความลับ: 2, ลงวันที่: 2025-10-01, จาก: กรม ปพ.อย., ถึง: ผบ.อย., เรื่อง: ขอรับการสนับสนุน, ลงชื่อ: พ.อ.อ., ไฟล์: 3bfbc92e-4af2-493d-9202-70611d326549.pdf
[2025-10-06 16:57:43] [ADD] โดย admin -> เลขที่ส่ง: 2, ชั้นความลับ: 2, ลงวันที่: 2025-10-15, จาก: กรม ปพ.อย., ถึง: ผบ.อย., เรื่อง: ขอรับการสนับสนุน, ลงชื่อ: พ.อ.อ., ไฟล์: 50e67d36-8d6f-4d18-88e1-db515b2412a3.pdf
[2025-10-06 16:58:11] [LOGIN] admin เข้าสู่ระบบ (role: admin)
[2025-10-06 16:58:49] [ADD] โดย admin -> เลขที่ส่ง: 2, ชั้นความลับ: 2, ลงวันที่: 2025-09-30, จาก: กรม ปพ.อย., ถึง: ผบ.อย., เรื่อง: ขอรับการสนับสนุน, ลงชื่อ: พ.อ.อ., ไฟล์: 276202a3-1347-47db-a9af-a24539915165.pdf
[2025-10-06 16:59:13] [DELETE] โดย admin -> เลขที่ส่ง: 2, ชั้นความลับ: 2, ลงวันที่: 2025-10-01, จาก: กรม ปพ.อย., ถึง: ผบ.อย., เรื่อง: ขอรับการสนับสนุน, ลงชื่อ: พ.อ.อ., ไฟล์: 3bfbc92e-4af2-493d-9202-70611d326549.pdf
[2025-10-06 16:59:15] [DELETE] โดย admin -> เลขที่ส่ง: 2, ชั้นความลับ: 2, ลงวันที่: 2025-10-15, จาก: กรม ปพ.อย., ถึง: ผบ.อย., เรื่อง: ขอรับการสนับสนุน, ลงชื่อ: พ.อ.อ., ไฟล์: 50e67d36-8d6f-4d18-88e1-db515b2412a3.pdf
[2025-10-06 16:59:16] [DELETE] โดย admin -> เลขที่ส่ง: 2, ชั้นความลับ: 2, ลงวันที่: 2025-09-30, จาก: กรม ปพ.อย., ถึง: ผบ.อย., เรื่อง: ขอรับการสนับสนุน, ลงชื่อ: พ.อ.อ., ไฟล์: 276202a3-1347-47db-a9af-a24539915165.pdf
[2025-10-06 17:02:45] [ADD] โดย admin -> เลขที่ส่ง: 2, ชั้นความลับ: 1, ลงวันที่: 2025-10-05, จาก: กรม ปพ.อย., ถึง: ผบ.อย., เรื่อง: ขอรับการสนับสนุน, ลงชื่อ: พ.อ.อ., ไฟล์: 7f5ae9a8-7f18-4880-9f98-57be965a2214.pdf
[2025-10-06 17:04:18] [LOGIN] admin เข้าสู่ระบบ (role: admin)
[2025-10-06 17:05:10] [ADD] โดย admin -> เลขที่ส่ง: 2, ชั้นความลับ: 2, ลงวันที่: 2025-10-06, จาก: กรม ปพ.อย., ถึง: ผบ.อย., เรื่อง: ขอรับการสนับสนุน, ลงชื่อ: พ.อ.อ., ไฟล์: 97358f1f-f189-4747-92fa-1e673fcf87e7.pdf
[2025-10-06 17:09:26] [ADD] โดย admin -> เลขที่ส่ง: 2, ชั้นความลับ: 1, ลงวันที่: 2025-09-30, จาก: กรม ปพ.อย., ถึง: ผบ.อย., เรื่อง: ขอรับการสนับสนุน, ลงชื่อ: พ.อ.อ., ไฟล์: d5fe6e10-5c32-4fbc-9329-ab2e47f4a354.pdf
[2025-10-06 17:10:26] [DELETE] โดย admin -> เลขที่ส่ง: 2, ชั้นความลับ: 1, ลงวันที่: 2025-10-05, จาก: กรม ปพ.อย., ถึง: ผบ.อย., เรื่อง: ขอรับการสนับสนุน, ลงชื่อ: พ.อ.อ., ไฟล์: 7f5ae9a8-7f18-4880-9f98-57be965a2214.pdf
[2025-10-06 17:10:27] [DELETE] โดย admin -> เลขที่ส่ง: 2, ชั้นความลับ: 2, ลงวันที่: 2025-10-06, จาก: กรม ปพ.อย., ถึง: ผบ.อย., เรื่อง: ขอรับการสนับสนุน, ลงชื่อ: พ.อ.อ., ไฟล์: 97358f1f-f189-4747-92fa-1e673fcf87e7.pdf
[2025-10-06 17:10:29] [DELETE] โดย admin -> เลขที่ส่ง: 2, ชั้นความลับ: 1, ลงวันที่: 2025-09-30, จาก: กรม ปพ.อย., ถึง: ผบ.อย., เรื่อง: ขอรับการสนับสนุน, ลงชื่อ: พ.อ.อ., ไฟล์: d5fe6e10-5c32-4fbc-9329-ab2e47f4a354.pdf
[2025-10-06 17:11:14] [ADD] โดย admin -> เลขที่ส่ง: 2, ชั้นความลับ: 1, ลงวันที่: 2025-10-06, จาก: กรม ปพ.อย., ถึง: ผบ.อย., เรื่อง: ขอรับการสนับสนุน, ลงชื่อ: พ.อ.อ., ไฟล์: 48715a73-15a2-47a3-a919-523d3a246fd1.pdf
[2025-10-06 17:13:34] [ADD] โดย admin -> เลขที่ส่ง: 2, ชั้นความลับ: 1, ลงวันที่: 2025-09-30, จาก: กรม ปพ.อย., ถึง: ผบ.อย., เรื่อง: ขอรับการสนับสนุน, ลงชื่อ: พ.อ.อ., ไฟล์: 2c8d7c86-9f53-4d1c-afe8-5a3130427165.pdf
[2025-10-06 17:14:08] [ADD] โดย admin -> เลขที่ส่ง: 2, ชั้นความลับ: 2, ลงวันที่: 2025-10-06, จาก: กรม ปพ.อย., ถึง: ผบ.อย., เรื่อง: ขอรับการสนับสนุน, ลงชื่อ: พ.อ.อ., ไฟล์: 6c2e7fb3-2039-4bf2-9dff-cb8df37b1166.pdf
[2025-10-06 17:16:59] [DELETE] โดย admin -> เลขที่ส่ง: 2, ชั้นความลับ: 1, ลงวันที่: 2025-10-06, จาก: กรม ปพ.อย., ถึง: ผบ.อย., เรื่อง: ขอรับการสนับสนุน, ลงชื่อ: พ.อ.อ., ไฟล์: 48715a73-15a2-47a3-a919-523d3a246fd1.pdf
[2025-10-06 17:17:00] [DELETE] โดย admin -> เลขที่ส่ง: 2, ชั้นความลับ: 1, ลงวันที่: 2025-09-30, จาก: กรม ปพ.อย., ถึง: ผบ.อย., เรื่อง: ขอรับการสนับสนุน, ลงชื่อ: พ.อ.อ., ไฟล์: 2c8d7c86-9f53-4d1c-afe8-5a3130427165.pdf
[2025-10-06 17:17:02] [DELETE] โดย admin -> เลขที่ส่ง: 2, ชั้นความลับ: 2, ลงวันที่: 2025-10-06, จาก: กรม ปพ.อย., ถึง: ผบ.อย., เรื่อง: ขอรับการสนับสนุน, ลงชื่อ: พ.อ.อ., ไฟล์: 6c2e7fb3-2039-4bf2-9dff-cb8df37b1166.pdf
[2025-10-06 17:17:30] [ADD] โดย admin -> เลขที่ส่ง: 2, ชั้นความลับ: 1, ลงวันที่: 2025-10-05, จาก: กรม ปพ.อย., ถึง: ผบ.อย., เรื่อง: ขอรับการสนับสนุน, ลงชื่อ: พ.อ.อ., ไฟล์: 833fa96d-ffda-46ab-a451-937ff719f101.pdf
[2025-10-06 17:19:40] [ADD] โดย admin -> เลขที่ส่ง: 2, ชั้นความลับ: 1, ลงวันที่: 2025-10-05, จาก: กรม ปพ.อย., ถึง: ผบ.อย., เรื่อง: ขอรับการสนับสนุน, ลงชื่อ: พ.อ.อ., ไฟล์: 8d1eb740-34f4-4e09-9c28-cdb5894a816b.pdf
[2025-10-06 17:24:23] [DELETE] โดย admin -> เลขที่ส่ง: 2, ชั้นความลับ: 1, ลงวันที่: 2025-10-05, จาก: กรม ปพ.อย., ถึง: ผบ.อย., เรื่อง: ขอรับการสนับสนุน, ลงชื่อ: พ.อ.อ., ไฟล์: 833fa96d-ffda-46ab-a451-937ff719f101.pdf
[2025-10-06 17:24:25] [DELETE] โดย admin -> เลขที่ส่ง: 2, ชั้นความลับ: 1, ลงวันที่: 2025-10-05, จาก: กรม ปพ.อย., ถึง: ผบ.อย., เรื่อง: ขอรับการสนับสนุน, ลงชื่อ: พ.อ.อ., ไฟล์: 8d1eb740-34f4-4e09-9c28-cdb5894a816b.pdf
[2025-10-06 17:25:00] [ADD] โดย admin -> เลขที่ส่ง: 2, ชั้นความลับ: 2, ลงวันที่: 2025-10-06, จาก: กรม ปพ.อย., ถึง: ผบ.อย., เรื่อง: ขอรับการสนับสนุน, ลงชื่อ: พ.อ.อ., ไฟล์: f16b78a2-b000-4542-a33f-7f9cacadf3bb.pdf
[2025-10-06 17:25:56] [DELETE] โดย admin -> เลขที่ส่ง: 2, ชั้นความลับ: 2, ลงวันที่: 2025-10-06, จาก: กรม ปพ.อย., ถึง: ผบ.อย., เรื่อง: ขอรับการสนับสนุน, ลงชื่อ: พ.อ.อ., ไฟล์: f16b78a2-b000-4542-a33f-7f9cacadf3bb.pdf
[2025-10-06 17:26:25] [ADD] โดย admin -> เลขที่ส่ง: 2, ชั้นความลับ: 2, ลงวันที่: 2568-10-05, จาก: กรม ปพ.อย., ถึง: ผบ.อย., เรื่อง: ขอรับการสนับสนุน, ลงชื่อ: พ.อ.อ., ไฟล์: 8e4e7bd5-80b8-4df4-b13c-eb8757d1ae84.pdf
[2025-10-06 17:27:33] [DELETE] โดย admin -> เลขที่ส่ง: 2, ชั้นความลับ: 2, ลงวันที่: 2568-10-05, จาก: กรม ปพ.อย., ถึง: ผบ.อย., เรื่อง: ขอรับการสนับสนุน, ลงชื่อ: พ.อ.อ., ไฟล์: 8e4e7bd5-80b8-4df4-b13c-eb8757d1ae84.pdf
[2025-10-06 17:28:12] [ADD] โดย admin -> เลขที่ส่ง: 2, ชั้นความลับ: 1, ลงวันที่: 2567-02-29, จาก: กรม ปพ.อย., ถึง: ผบ.อย., เรื่อง: ขอรับการสนับสนุน, ลงชื่อ: พ.อ.อ., ไฟล์: b9ea1e7a-9002-43a9-80a9-fad861001fbc.pdf
[2025-10-06 17:29:21] [DELETE] โดย admin -> เลขที่ส่ง: 2, ชั้นความลับ: 1, ลงวันที่: 2567-02-29, จาก: กรม ปพ.อย., ถึง: ผบ.อย., เรื่อง: ขอรับการสนับสนุน, ลงชื่อ: พ.อ.อ., ไฟล์: b9ea1e7a-9002-43a9-80a9-fad861001fbc.pdf
[2025-10-06 17:29:46] [ADD] โดย admin -> เลขที่ส่ง: 2, ชั้นความลับ: 1, ลงวันที่: 2568-10-06, จาก: กรม ปพ.อย., ถึง: ผบ.อย., เรื่อง: ขอรับการสนับสนุน, ลงชื่อ: พ.อ.อ., ไฟล์: e179fd90-b97f-4ebb-8585-7571de158a71.pdf
[2025-10-06 18:14:31] [DELETE] โดย admin -> เลขที่ส่ง: 2, ชั้นความลับ: 1, ลงวันที่: 2568-10-06, จาก: กรม ปพ.อย., ถึง: ผบ.อย., เรื่อง: ขอรับการสนับสนุน, ลงชื่อ: พ.อ.อ., ไฟล์: e179fd90-b97f-4ebb-8585-7571de158a71.pdf
[2025-10-06 18:14:45] [ADD] โดย admin -> เลขที่ส่ง: 2, ชั้นความลับ: 1, ลงวันที่: 2567-02-29, จาก: กรม ปพ.อย., ถึง: ผบ.อย., เรื่อง: ขอรับการสนับสนุน, ลงชื่อ: พ.อ.อ., ไฟล์: 670060c1-b91e-46c0-8aef-81653292fa56.pdf
[2025-10-06 18:20:02] [DELETE] โดย admin -> เลขที่ส่ง: 2, ชั้นความลับ: 1, ลงวันที่: 2567-02-29, จาก: กรม ปพ.อย., ถึง: ผบ.อย., เรื่อง: ขอรับการสนับสนุน, ลงชื่อ: พ.อ.อ., ไฟล์: 670060c1-b91e-46c0-8aef-81653292fa56.pdf
[2025-10-06 18:25:57] [ADD] โดย admin -> เลขที่ส่ง: 2, ชั้นความลับ: 1, ลงวันที่: 2025-10-07, จาก: กรม ปพ.อย., ถึง: ผบ.อย., เรื่อง: ขอรับการสนับสนุน, ลงชื่อ: พ.อ.อ., ไฟล์: 1e3d0a1b-4aea-43f3-b661-c5303d063bb7.pdf
[2025-10-06 18:26:32] [DELETE] โดย admin -> เลขที่ส่ง: 2, ชั้นความลับ: 1, ลงวันที่: 2025-10-07, จาก: กรม ปพ.อย., ถึง: ผบ.อย., เรื่อง: ขอรับการสนับสนุน, ลงชื่อ: พ.อ.อ., ไฟล์: 1e3d0a1b-4aea-43f3-b661-c5303d063bb7.pdf
[2025-10-06 18:26:59] [ADD] โดย admin -> เลขที่ส่ง: 2, ชั้นความลับ: 1, ลงวันที่: ๖ ต.ค. ๒๕๖๘, จาก: กรม ปพ.อย., ถึง: ผบ.อย., เรื่อง: ขอรับการสนับสนุน, ลงชื่อ: พ.อ.อ., ไฟล์: d623d201-fa52-4f62-8260-c17f39adfb4e.pdf
[2025-10-06 18:28:29] [ADD] โดย admin -> เลขที่ส่ง: 3, ชั้นความลับ: 2, ลงวันที่: ๕ พ.ค. ๒๕๖๘, จาก: กรม ปพ.อย., ถึง: ยก.อย., เรื่อง: ขอรับการสนับสนุนทหาร, ลงชื่อ: พ.อ.อ., ไฟล์: f0ffdea7-c72c-43fc-8e6e-92df1e97570b.pdf
[2025-10-06 18:33:26] [ADD] โดย admin -> เลขที่ส่ง: 4, ชั้นความลับ: 3, ลงวันที่: ๑๒ ม.ค. ๒๕๖๘, จาก: กรม ปพ.อย., ถึง: ผบ.อย., เรื่อง: ขอรับการสนับสนุนทหารกองประจำการ, ลงชื่อ: พ.อ.อ., ไฟล์: c750e7c4-2d71-4ee7-94af-227cda2b6772.pdf
[2025-10-06 19:16:03] [DELETE] โดย admin -> เลขที่ส่ง: 2, ชั้นความลับ: 1, ลงวันที่: ๖ ต.ค. ๒๕๖๘, จาก: กรม ปพ.อย., ถึง: ผบ.อย., เรื่อง: ขอรับการสนับสนุน, ลงชื่อ: พ.อ.อ., ไฟล์: d623d201-fa52-4f62-8260-c17f39adfb4e.pdf
[2025-10-06 19:16:05] [DELETE] โดย admin -> เลขที่ส่ง: 3, ชั้นความลับ: 2, ลงวันที่: ๕ พ.ค. ๒๕๖๘, จาก: กรม ปพ.อย., ถึง: ยก.อย., เรื่อง: ขอรับการสนับสนุนทหาร, ลงชื่อ: พ.อ.อ., ไฟล์: f0ffdea7-c72c-43fc-8e6e-92df1e97570b.pdf
[2025-10-06 19:16:07] [DELETE] โดย admin -> เลขที่ส่ง: 4, ชั้นความลับ: 3, ลงวันที่: ๑๒ ม.ค. ๒๕๖๘, จาก: กรม ปพ.อย., ถึง: ผบ.อย., เรื่อง: ขอรับการสนับสนุนทหารกองประจำการ, ลงชื่อ: พ.อ.อ., ไฟล์: c750e7c4-2d71-4ee7-94af-227cda2b6772.pdf
[2025-10-06 19:18:10] [ADD] โดย admin -> เลขที่ส่ง: 2, ชั้นความลับ: 1, ลงวันที่: ๖ ต.ค. ๒๕๖๘, จาก: กรม ปพ.อย., ถึง: ผบ.อย., เรื่อง: ขอรับการสนับสนุน, ลงชื่อ: พ.อ.อ., ไฟล์: 7b08aad1-8c0f-4635-98d6-3334f712619c.pdf
[2025-10-06 19:18:16] [DELETE] โดย admin -> เลขที่ส่ง: 2, ชั้นความลับ: 1, ลงวันที่: ๖ ต.ค. ๒๕๖๘, จาก: กรม ปพ.อย., ถึง: ผบ.อย., เรื่อง: ขอรับการสนับสนุน, ลงชื่อ: พ.อ.อ., ไฟล์: 7b08aad1-8c0f-4635-98d6-3334f712619c.pdf
[2025-10-06 19:23:52] [ADD] โดย admin -> เลขที่ส่ง: 2, ชั้นความลับ: 1, ลงวันที่: ๖ ต.ค. ๒๕๖๘, จาก: กรม ปพ.อย., ถึง: ผบ.อย., เรื่อง: ขอรับการสนับสนุน, ลงชื่อ: พ.อ.อ., ไฟล์: d7d8aa48-bf05-4b28-b864-b88d4d7d591d.pdf
[2025-10-06 19:23:58] [DELETE] โดย admin -> เลขที่ส่ง: 2, ชั้นความลับ: 1, ลงวันที่: ๖ ต.ค. ๒๕๖๘, จาก: กรม ปพ.อย., ถึง: ผบ.อย., เรื่อง: ขอรับการสนับสนุน, ลงชื่อ: พ.อ.อ., ไฟล์: d7d8aa48-bf05-4b28-b864-b88d4d7d591d.pdf
[2025-10-06 19:24:42] [LOGIN] admin เข้าสู่ระบบ (role: admin)
[2025-10-06 19:24:57] [ADD] โดย admin -> เลขที่ส่ง: 2, ชั้นความลับ: 1, ลงวันที่: ๖ ต.ค. ๒๕๖๘, จาก: กรม ปพ.อย., ถึง: ผบ.อย., เรื่อง: ขอรับการสนับสนุน, ลงชื่อ: พ.อ.อ., ไฟล์: 9b380647-0240-490d-b1a3-2dc6b36a4cb6.pdf
[2025-10-06 19:25:05] [DELETE] โดย admin -> เลขที่ส่ง: 2, ชั้นความลับ: 1, ลงวันที่: ๖ ต.ค. ๒๕๖๘, จาก: กรม ปพ.อย., ถึง: ผบ.อย., เรื่อง: ขอรับการสนับสนุน, ลงชื่อ: พ.อ.อ., ไฟล์: 9b380647-0240-490d-b1a3-2dc6b36a4cb6.pdf
[2025-10-06 19:33:43] [LOGIN] admin เข้าสู่ระบบ (role: admin)
[2025-10-06 19:36:12] [LOGIN] admin เข้าสู่ระบบ (role: admin)
[2025-10-06 19:39:00] [LOGIN] admin เข้าสู่ระบบ (role: admin)
[2025-10-06 19:39:14] [LOGIN] admin เข้าสู่ระบบ (role: admin)
[2025-10-06 19:44:37] [ADD] โดย admin -> เลขที่ส่ง: 2, ชั้นความลับ: 1, ลงวันที่: ๕ ต.ค. ๒๕๖๘, จาก: กรม ปพ.อย., ถึง: ผบ.อย., เรื่อง: ขอรับการสนับสนุน, ลงชื่อ: พ.อ.อ., ไฟล์: a220b6ff-83e8-4239-9385-798c89e9550f.pdf
[2025-10-06 19:57:02] [ADD] โดย admin -> เลขที่ส่ง: 3, ชั้นความลับ: 2, ลงวันที่: ๕ ต.ค. ๒๕๖๘, จาก: กรม ปพ.อย., ถึง: ยก.อย., เรื่อง: ขอสับเปลี่ยนกำลังพล, ลงชื่อ: ร.อ.อ., ไฟล์: 629cecf2-4f27-41d5-b77c-77effe0f7a21.pdf
[2025-10-06 19:59:37] [LOGIN] admin เข้าสู่ระบบ (role: admin)
[2025-10-06 20:00:16] [ADD] โดย admin -> เลขที่ส่ง: 4, ชั้นความลับ: 3, ลงวันที่: ๒๔ ก.พ. ๒๕๖๘, จาก: กรม ปพ.อย., ถึง: กยก.อย, เรื่อง: ขอแก้ไขรายชื่อสุนัขทหาร, ลงชื่อ: พ.อ.อ., ไฟล์: f434ab1c-f93a-4172-a711-9881c87a7184.pdf
